The system is: Linux - 4.4.0-31-generic - x86_64
Compiling the C compiler identification source file "CMakeCCompilerId.c" succeeded.
Compiler: /usr/bin/cc 
Build flags: 
Id flags: 

The output was:
0


Compilation of the C compiler identification source "CMakeCCompilerId.c" produced "a.out"

The C compiler identification is GNU, found in "/home/frankz/again/contech.git/trunk/llvm-contech/CMakeFiles/3.4.3/CompilerIdC/a.out"

Compiling the CXX compiler identification source file "CMakeCXXCompilerId.cpp" succeeded.
Compiler: /usr/bin/c++ 
Build flags: 
Id flags: 

The output was:
0


Compilation of the CXX compiler identification source "CMakeCXXCompilerId.cpp" produced "a.out"

The CXX compiler identification is GNU, found in "/home/frankz/again/contech.git/trunk/llvm-contech/CMakeFiles/3.4.3/CompilerIdCXX/a.out"

Determining if the C compiler works passed with the following output:
Change Dir: /home/frankz/again/contech.git/trunk/llvm-contech/CMakeFiles/CMakeTmp

Run Build Command:"/usr/bin/make" "cmTC_1fc58/fast"
/usr/bin/make -f CMakeFiles/cmTC_1fc58.dir/build.make CMakeFiles/cmTC_1fc58.dir/build
make[1]: Entering directory `/home/frankz/again/contech.git/trunk/llvm-contech/CMakeFiles/CMakeTmp'
Building C object CMakeFiles/cmTC_1fc58.dir/testCCompiler.c.o
/usr/bin/cc     -o CMakeFiles/cmTC_1fc58.dir/testCCompiler.c.o   -c /home/frankz/again/contech.git/trunk/llvm-contech/CMakeFiles/CMakeTmp/testCCompiler.c
Linking C executable cmTC_1fc58
/usr/local/bin/cmake -E cmake_link_script CMakeFiles/cmTC_1fc58.dir/link.txt --verbose=1
/usr/bin/cc       CMakeFiles/cmTC_1fc58.dir/testCCompiler.c.o  -o cmTC_1fc58 -rdynamic 
make[1]: Leaving directory `/home/frankz/again/contech.git/trunk/llvm-contech/CMakeFiles/CMakeTmp'


Detecting C compiler ABI info compiled with the following output:
Change Dir: /home/frankz/again/contech.git/trunk/llvm-contech/CMakeFiles/CMakeTmp

Run Build Command:"/usr/bin/make" "cmTC_e9f3f/fast"
/usr/bin/make -f CMakeFiles/cmTC_e9f3f.dir/build.make CMakeFiles/cmTC_e9f3f.dir/build
make[1]: Entering directory `/home/frankz/again/contech.git/trunk/llvm-contech/CMakeFiles/CMakeTmp'
Building C object CMakeFiles/cmTC_e9f3f.dir/CMakeCCompilerABI.c.o
/usr/bin/cc     -o CMakeFiles/cmTC_e9f3f.dir/CMakeCCompilerABI.c.o   -c /usr/local/share/cmake-3.4/Modules/CMakeCCompilerABI.c
Linking C executable cmTC_e9f3f
/usr/local/bin/cmake -E cmake_link_script CMakeFiles/cmTC_e9f3f.dir/link.txt --verbose=1
/usr/bin/cc      -v CMakeFiles/cmTC_e9f3f.dir/CMakeCCompilerABI.c.o  -o cmTC_e9f3f -rdynamic  
Using built-in specs.
COLLECT_GCC=/usr/bin/cc
COLLECT_LTO_WRAPPER=/usr/lib/gcc/x86_64-linux-gnu/4.8/lto-wrapper
Target: x86_64-linux-gnu
Configured with: ../src/configure -v --with-pkgversion='Ubuntu 4.8.4-2ubuntu1~14.04.3' --with-bugurl=file:///usr/share/doc/gcc-4.8/README.Bugs --enable-languages=c,c++,java,go,d,fortran,objc,obj-c++ --prefix=/usr --program-suffix=-4.8 --enable-shared --enable-linker-build-id --libexecdir=/usr/lib --without-included-gettext --enable-threads=posix --with-gxx-include-dir=/usr/include/c++/4.8 --libdir=/usr/lib --enable-nls --with-sysroot=/ --enable-clocale=gnu --enable-libstdcxx-debug --enable-libstdcxx-time=yes --enable-gnu-unique-object --disable-libmudflap --enable-plugin --with-system-zlib --disable-browser-plugin --enable-java-awt=gtk --enable-gtk-cairo --with-java-home=/usr/lib/jvm/java-1.5.0-gcj-4.8-amd64/jre --enable-java-home --with-jvm-root-dir=/usr/lib/jvm/java-1.5.0-gcj-4.8-amd64 --with-jvm-jar-dir=/usr/lib/jvm-exports/java-1.5.0-gcj-4.8-amd64 --with-arch-directory=amd64 --with-ecj-jar=/usr/share/java/eclipse-ecj.jar --enable-objc-gc --enable-multiarch --disable-werror --with-arch-32=i686 --with-abi=m64 --with-multilib-list=m32,m64,mx32 --with-tune=generic --enable-checking=release --build=x86_64-linux-gnu --host=x86_64-linux-gnu --target=x86_64-linux-gnu
Thread model: posix
gcc version 4.8.4 (Ubuntu 4.8.4-2ubuntu1~14.04.3) 
COMPILER_PATH=/usr/lib/gcc/x86_64-linux-gnu/4.8/:/usr/lib/gcc/x86_64-linux-gnu/4.8/:/usr/lib/gcc/x86_64-linux-gnu/:/usr/lib/gcc/x86_64-linux-gnu/4.8/:/usr/lib/gcc/x86_64-linux-gnu/
LIBRARY_PATH=/usr/lib/gcc/x86_64-linux-gnu/4.8/:/usr/lib/gcc/x86_64-linux-gnu/4.8/../../../x86_64-linux-gnu/:/usr/lib/gcc/x86_64-linux-gnu/4.8/../../../../lib/:/lib/x86_64-linux-gnu/:/lib/../lib/:/usr/lib/x86_64-linux-gnu/:/usr/lib/../lib/:/usr/lib/gcc/x86_64-linux-gnu/4.8/../../../:/lib/:/usr/lib/
COLLECT_GCC_OPTIONS='-v' '-o' 'cmTC_e9f3f' '-rdynamic' '-mtune=generic' '-march=x86-64'
 /usr/lib/gcc/x86_64-linux-gnu/4.8/collect2 --sysroot=/ --build-id --eh-frame-hdr -m elf_x86_64 --hash-style=gnu --as-needed -export-dynamic -dynamic-linker /lib64/ld-linux-x86-64.so.2 -z relro -o cmTC_e9f3f /usr/lib/gcc/x86_64-linux-gnu/4.8/../../../x86_64-linux-gnu/crt1.o /usr/lib/gcc/x86_64-linux-gnu/4.8/../../../x86_64-linux-gnu/crti.o /usr/lib/gcc/x86_64-linux-gnu/4.8/crtbegin.o -L/usr/lib/gcc/x86_64-linux-gnu/4.8 -L/usr/lib/gcc/x86_64-linux-gnu/4.8/../../../x86_64-linux-gnu -L/usr/lib/gcc/x86_64-linux-gnu/4.8/../../../../lib -L/lib/x86_64-linux-gnu -L/lib/../lib -L/usr/lib/x86_64-linux-gnu -L/usr/lib/../lib -L/usr/lib/gcc/x86_64-linux-gnu/4.8/../../.. CMakeFiles/cmTC_e9f3f.dir/CMakeCCompilerABI.c.o -lgcc --as-needed -lgcc_s --no-as-needed -lc -lgcc --as-needed -lgcc_s --no-as-needed /usr/lib/gcc/x86_64-linux-gnu/4.8/crtend.o /usr/lib/gcc/x86_64-linux-gnu/4.8/../../../x86_64-linux-gnu/crtn.o
make[1]: Leaving directory `/home/frankz/again/contech.git/trunk/llvm-contech/CMakeFiles/CMakeTmp'


Parsed C implicit link information from above output:
  link line regex: [^( *|.*[/\])(ld|([^/\]+-)?ld|collect2)[^/\]*( |$)]
  ignore line: [Change Dir: /home/frankz/again/contech.git/trunk/llvm-contech/CMakeFiles/CMakeTmp]
  ignore line: []
  ignore line: [Run Build Command:"/usr/bin/make" "cmTC_e9f3f/fast"]
  ignore line: [/usr/bin/make -f CMakeFiles/cmTC_e9f3f.dir/build.make CMakeFiles/cmTC_e9f3f.dir/build]
  ignore line: [make[1]: Entering directory `/home/frankz/again/contech.git/trunk/llvm-contech/CMakeFiles/CMakeTmp']
  ignore line: [Building C object CMakeFiles/cmTC_e9f3f.dir/CMakeCCompilerABI.c.o]
  ignore line: [/usr/bin/cc     -o CMakeFiles/cmTC_e9f3f.dir/CMakeCCompilerABI.c.o   -c /usr/local/share/cmake-3.4/Modules/CMakeCCompilerABI.c]
  ignore line: [Linking C executable cmTC_e9f3f]
  ignore line: [/usr/local/bin/cmake -E cmake_link_script CMakeFiles/cmTC_e9f3f.dir/link.txt --verbose=1]
  ignore line: [/usr/bin/cc      -v CMakeFiles/cmTC_e9f3f.dir/CMakeCCompilerABI.c.o  -o cmTC_e9f3f -rdynamic  ]
  ignore line: [Using built-in specs.]
  ignore line: [COLLECT_GCC=/usr/bin/cc]
  ignore line: [COLLECT_LTO_WRAPPER=/usr/lib/gcc/x86_64-linux-gnu/4.8/lto-wrapper]
  ignore line: [Target: x86_64-linux-gnu]
  ignore line: [Configured with: ../src/configure -v --with-pkgversion='Ubuntu 4.8.4-2ubuntu1~14.04.3' --with-bugurl=file:///usr/share/doc/gcc-4.8/README.Bugs --enable-languages=c,c++,java,go,d,fortran,objc,obj-c++ --prefix=/usr --program-suffix=-4.8 --enable-shared --enable-linker-build-id --libexecdir=/usr/lib --without-included-gettext --enable-threads=posix --with-gxx-include-dir=/usr/include/c++/4.8 --libdir=/usr/lib --enable-nls --with-sysroot=/ --enable-clocale=gnu --enable-libstdcxx-debug --enable-libstdcxx-time=yes --enable-gnu-unique-object --disable-libmudflap --enable-plugin --with-system-zlib --disable-browser-plugin --enable-java-awt=gtk --enable-gtk-cairo --with-java-home=/usr/lib/jvm/java-1.5.0-gcj-4.8-amd64/jre --enable-java-home --with-jvm-root-dir=/usr/lib/jvm/java-1.5.0-gcj-4.8-amd64 --with-jvm-jar-dir=/usr/lib/jvm-exports/java-1.5.0-gcj-4.8-amd64 --with-arch-directory=amd64 --with-ecj-jar=/usr/share/java/eclipse-ecj.jar --enable-objc-gc --enable-multiarch --disable-werror --with-arch-32=i686 --with-abi=m64 --with-multilib-list=m32,m64,mx32 --with-tune=generic --enable-checking=release --build=x86_64-linux-gnu --host=x86_64-linux-gnu --target=x86_64-linux-gnu]
  ignore line: [Thread model: posix]
  ignore line: [gcc version 4.8.4 (Ubuntu 4.8.4-2ubuntu1~14.04.3) ]
  ignore line: [COMPILER_PATH=/usr/lib/gcc/x86_64-linux-gnu/4.8/:/usr/lib/gcc/x86_64-linux-gnu/4.8/:/usr/lib/gcc/x86_64-linux-gnu/:/usr/lib/gcc/x86_64-linux-gnu/4.8/:/usr/lib/gcc/x86_64-linux-gnu/]
  ignore line: [LIBRARY_PATH=/usr/lib/gcc/x86_64-linux-gnu/4.8/:/usr/lib/gcc/x86_64-linux-gnu/4.8/../../../x86_64-linux-gnu/:/usr/lib/gcc/x86_64-linux-gnu/4.8/../../../../lib/:/lib/x86_64-linux-gnu/:/lib/../lib/:/usr/lib/x86_64-linux-gnu/:/usr/lib/../lib/:/usr/lib/gcc/x86_64-linux-gnu/4.8/../../../:/lib/:/usr/lib/]
  ignore line: [COLLECT_GCC_OPTIONS='-v' '-o' 'cmTC_e9f3f' '-rdynamic' '-mtune=generic' '-march=x86-64']
  link line: [ /usr/lib/gcc/x86_64-linux-gnu/4.8/collect2 --sysroot=/ --build-id --eh-frame-hdr -m elf_x86_64 --hash-style=gnu --as-needed -export-dynamic -dynamic-linker /lib64/ld-linux-x86-64.so.2 -z relro -o cmTC_e9f3f /usr/lib/gcc/x86_64-linux-gnu/4.8/../../../x86_64-linux-gnu/crt1.o /usr/lib/gcc/x86_64-linux-gnu/4.8/../../../x86_64-linux-gnu/crti.o /usr/lib/gcc/x86_64-linux-gnu/4.8/crtbegin.o -L/usr/lib/gcc/x86_64-linux-gnu/4.8 -L/usr/lib/gcc/x86_64-linux-gnu/4.8/../../../x86_64-linux-gnu -L/usr/lib/gcc/x86_64-linux-gnu/4.8/../../../../lib -L/lib/x86_64-linux-gnu -L/lib/../lib -L/usr/lib/x86_64-linux-gnu -L/usr/lib/../lib -L/usr/lib/gcc/x86_64-linux-gnu/4.8/../../.. CMakeFiles/cmTC_e9f3f.dir/CMakeCCompilerABI.c.o -lgcc --as-needed -lgcc_s --no-as-needed -lc -lgcc --as-needed -lgcc_s --no-as-needed /usr/lib/gcc/x86_64-linux-gnu/4.8/crtend.o /usr/lib/gcc/x86_64-linux-gnu/4.8/../../../x86_64-linux-gnu/crtn.o]
    arg [/usr/lib/gcc/x86_64-linux-gnu/4.8/collect2] ==> ignore
    arg [--sysroot=/] ==> ignore
    arg [--build-id] ==> ignore
    arg [--eh-frame-hdr] ==> ignore
    arg [-m] ==> ignore
    arg [elf_x86_64] ==> ignore
    arg [--hash-style=gnu] ==> ignore
    arg [--as-needed] ==> ignore
    arg [-export-dynamic] ==> ignore
    arg [-dynamic-linker] ==> ignore
    arg [/lib64/ld-linux-x86-64.so.2] ==> ignore
    arg [-zrelro] ==> ignore
    arg [-o] ==> ignore
    arg [cmTC_e9f3f] ==> ignore
    arg [/usr/lib/gcc/x86_64-linux-gnu/4.8/../../../x86_64-linux-gnu/crt1.o] ==> ignore
    arg [/usr/lib/gcc/x86_64-linux-gnu/4.8/../../../x86_64-linux-gnu/crti.o] ==> ignore
    arg [/usr/lib/gcc/x86_64-linux-gnu/4.8/crtbegin.o] ==> ignore
    arg [-L/usr/lib/gcc/x86_64-linux-gnu/4.8] ==> dir [/usr/lib/gcc/x86_64-linux-gnu/4.8]
    arg [-L/usr/lib/gcc/x86_64-linux-gnu/4.8/../../../x86_64-linux-gnu] ==> dir [/usr/lib/gcc/x86_64-linux-gnu/4.8/../../../x86_64-linux-gnu]
    arg [-L/usr/lib/gcc/x86_64-linux-gnu/4.8/../../../../lib] ==> dir [/usr/lib/gcc/x86_64-linux-gnu/4.8/../../../../lib]
    arg [-L/lib/x86_64-linux-gnu] ==> dir [/lib/x86_64-linux-gnu]
    arg [-L/lib/../lib] ==> dir [/lib/../lib]
    arg [-L/usr/lib/x86_64-linux-gnu] ==> dir [/usr/lib/x86_64-linux-gnu]
    arg [-L/usr/lib/../lib] ==> dir [/usr/lib/../lib]
    arg [-L/usr/lib/gcc/x86_64-linux-gnu/4.8/../../..] ==> dir [/usr/lib/gcc/x86_64-linux-gnu/4.8/../../..]
    arg [CMakeFiles/cmTC_e9f3f.dir/CMakeCCompilerABI.c.o] ==> ignore
    arg [-lgcc] ==> lib [gcc]
    arg [--as-needed] ==> ignore
    arg [-lgcc_s] ==> lib [gcc_s]
    arg [--no-as-needed] ==> ignore
    arg [-lc] ==> lib [c]
    arg [-lgcc] ==> lib [gcc]
    arg [--as-needed] ==> ignore
    arg [-lgcc_s] ==> lib [gcc_s]
    arg [--no-as-needed] ==> ignore
    arg [/usr/lib/gcc/x86_64-linux-gnu/4.8/crtend.o] ==> ignore
    arg [/usr/lib/gcc/x86_64-linux-gnu/4.8/../../../x86_64-linux-gnu/crtn.o] ==> ignore
  remove lib [gcc]
  remove lib [gcc_s]
  remove lib [gcc]
  remove lib [gcc_s]
  collapse library dir [/usr/lib/gcc/x86_64-linux-gnu/4.8] ==> [/usr/lib/gcc/x86_64-linux-gnu/4.8]
  collapse library dir [/usr/lib/gcc/x86_64-linux-gnu/4.8/../../../x86_64-linux-gnu] ==> [/usr/lib/x86_64-linux-gnu]
  collapse library dir [/usr/lib/gcc/x86_64-linux-gnu/4.8/../../../../lib] ==> [/usr/lib]
  collapse library dir [/lib/x86_64-linux-gnu] ==> [/lib/x86_64-linux-gnu]
  collapse library dir [/lib/../lib] ==> [/lib]
  collapse library dir [/usr/lib/x86_64-linux-gnu] ==> [/usr/lib/x86_64-linux-gnu]
  collapse library dir [/usr/lib/../lib] ==> [/usr/lib]
  collapse library dir [/usr/lib/gcc/x86_64-linux-gnu/4.8/../../..] ==> [/usr/lib]
  implicit libs: [c]
  implicit dirs: [/usr/lib/gcc/x86_64-linux-gnu/4.8;/usr/lib/x86_64-linux-gnu;/usr/lib;/lib/x86_64-linux-gnu;/lib]
  implicit fwks: []




Detecting C [-std=c11] compiler features compiled with the following output:
Change Dir: /home/frankz/again/contech.git/trunk/llvm-contech/CMakeFiles/CMakeTmp

Run Build Command:"/usr/bin/make" "cmTC_e054c/fast"
/usr/bin/make -f CMakeFiles/cmTC_e054c.dir/build.make CMakeFiles/cmTC_e054c.dir/build
make[1]: Entering directory `/home/frankz/again/contech.git/trunk/llvm-contech/CMakeFiles/CMakeTmp'
Building C object CMakeFiles/cmTC_e054c.dir/feature_tests.c.o
/usr/bin/cc    -std=c11 -o CMakeFiles/cmTC_e054c.dir/feature_tests.c.o   -c /home/frankz/again/contech.git/trunk/llvm-contech/CMakeFiles/feature_tests.c
Linking C executable cmTC_e054c
/usr/local/bin/cmake -E cmake_link_script CMakeFiles/cmTC_e054c.dir/link.txt --verbose=1
/usr/bin/cc       CMakeFiles/cmTC_e054c.dir/feature_tests.c.o  -o cmTC_e054c -rdynamic 
make[1]: Leaving directory `/home/frankz/again/contech.git/trunk/llvm-contech/CMakeFiles/CMakeTmp'


    Feature record: C_FEATURE:1c_function_prototypes
    Feature record: C_FEATURE:1c_restrict
    Feature record: C_FEATURE:1c_static_assert
    Feature record: C_FEATURE:1c_variadic_macros


Detecting C [-std=c99] compiler features compiled with the following output:
Change Dir: /home/frankz/again/contech.git/trunk/llvm-contech/CMakeFiles/CMakeTmp

Run Build Command:"/usr/bin/make" "cmTC_4ea27/fast"
/usr/bin/make -f CMakeFiles/cmTC_4ea27.dir/build.make CMakeFiles/cmTC_4ea27.dir/build
make[1]: Entering directory `/home/frankz/again/contech.git/trunk/llvm-contech/CMakeFiles/CMakeTmp'
Building C object CMakeFiles/cmTC_4ea27.dir/feature_tests.c.o
/usr/bin/cc    -std=c99 -o CMakeFiles/cmTC_4ea27.dir/feature_tests.c.o   -c /home/frankz/again/contech.git/trunk/llvm-contech/CMakeFiles/feature_tests.c
Linking C executable cmTC_4ea27
/usr/local/bin/cmake -E cmake_link_script CMakeFiles/cmTC_4ea27.dir/link.txt --verbose=1
/usr/bin/cc       CMakeFiles/cmTC_4ea27.dir/feature_tests.c.o  -o cmTC_4ea27 -rdynamic 
make[1]: Leaving directory `/home/frankz/again/contech.git/trunk/llvm-contech/CMakeFiles/CMakeTmp'


    Feature record: C_FEATURE:1c_function_prototypes
    Feature record: C_FEATURE:1c_restrict
    Feature record: C_FEATURE:0c_static_assert
    Feature record: C_FEATURE:1c_variadic_macros


Detecting C [-std=c90] compiler features compiled with the following output:
Change Dir: /home/frankz/again/contech.git/trunk/llvm-contech/CMakeFiles/CMakeTmp

Run Build Command:"/usr/bin/make" "cmTC_05c2d/fast"
/usr/bin/make -f CMakeFiles/cmTC_05c2d.dir/build.make CMakeFiles/cmTC_05c2d.dir/build
make[1]: Entering directory `/home/frankz/again/contech.git/trunk/llvm-contech/CMakeFiles/CMakeTmp'
Building C object CMakeFiles/cmTC_05c2d.dir/feature_tests.c.o
/usr/bin/cc    -std=c90 -o CMakeFiles/cmTC_05c2d.dir/feature_tests.c.o   -c /home/frankz/again/contech.git/trunk/llvm-contech/CMakeFiles/feature_tests.c
Linking C executable cmTC_05c2d
/usr/local/bin/cmake -E cmake_link_script CMakeFiles/cmTC_05c2d.dir/link.txt --verbose=1
/usr/bin/cc       CMakeFiles/cmTC_05c2d.dir/feature_tests.c.o  -o cmTC_05c2d -rdynamic 
make[1]: Leaving directory `/home/frankz/again/contech.git/trunk/llvm-contech/CMakeFiles/CMakeTmp'


    Feature record: C_FEATURE:1c_function_prototypes
    Feature record: C_FEATURE:0c_restrict
    Feature record: C_FEATURE:0c_static_assert
    Feature record: C_FEATURE:0c_variadic_macros
Determining if the CXX compiler works passed with the following output:
Change Dir: /home/frankz/again/contech.git/trunk/llvm-contech/CMakeFiles/CMakeTmp

Run Build Command:"/usr/bin/make" "cmTC_f22e3/fast"
/usr/bin/make -f CMakeFiles/cmTC_f22e3.dir/build.make CMakeFiles/cmTC_f22e3.dir/build
make[1]: Entering directory `/home/frankz/again/contech.git/trunk/llvm-contech/CMakeFiles/CMakeTmp'
Building CXX object CMakeFiles/cmTC_f22e3.dir/testCXXCompiler.cxx.o
/usr/bin/c++      -o CMakeFiles/cmTC_f22e3.dir/testCXXCompiler.cxx.o -c /home/frankz/again/contech.git/trunk/llvm-contech/CMakeFiles/CMakeTmp/testCXXCompiler.cxx
Linking CXX executable cmTC_f22e3
/usr/local/bin/cmake -E cmake_link_script CMakeFiles/cmTC_f22e3.dir/link.txt --verbose=1
/usr/bin/c++        CMakeFiles/cmTC_f22e3.dir/testCXXCompiler.cxx.o  -o cmTC_f22e3 -rdynamic 
make[1]: Leaving directory `/home/frankz/again/contech.git/trunk/llvm-contech/CMakeFiles/CMakeTmp'


Detecting CXX compiler ABI info compiled with the following output:
Change Dir: /home/frankz/again/contech.git/trunk/llvm-contech/CMakeFiles/CMakeTmp

Run Build Command:"/usr/bin/make" "cmTC_aec43/fast"
/usr/bin/make -f CMakeFiles/cmTC_aec43.dir/build.make CMakeFiles/cmTC_aec43.dir/build
make[1]: Entering directory `/home/frankz/again/contech.git/trunk/llvm-contech/CMakeFiles/CMakeTmp'
Building CXX object CMakeFiles/cmTC_aec43.dir/CMakeCXXCompilerABI.cpp.o
/usr/bin/c++      -o CMakeFiles/cmTC_aec43.dir/CMakeCXXCompilerABI.cpp.o -c /usr/local/share/cmake-3.4/Modules/CMakeCXXCompilerABI.cpp
Linking CXX executable cmTC_aec43
/usr/local/bin/cmake -E cmake_link_script CMakeFiles/cmTC_aec43.dir/link.txt --verbose=1
/usr/bin/c++       -v CMakeFiles/cmTC_aec43.dir/CMakeCXXCompilerABI.cpp.o  -o cmTC_aec43 -rdynamic  
Using built-in specs.
COLLECT_GCC=/usr/bin/c++
COLLECT_LTO_WRAPPER=/usr/lib/gcc/x86_64-linux-gnu/4.8/lto-wrapper
Target: x86_64-linux-gnu
Configured with: ../src/configure -v --with-pkgversion='Ubuntu 4.8.4-2ubuntu1~14.04.3' --with-bugurl=file:///usr/share/doc/gcc-4.8/README.Bugs --enable-languages=c,c++,java,go,d,fortran,objc,obj-c++ --prefix=/usr --program-suffix=-4.8 --enable-shared --enable-linker-build-id --libexecdir=/usr/lib --without-included-gettext --enable-threads=posix --with-gxx-include-dir=/usr/include/c++/4.8 --libdir=/usr/lib --enable-nls --with-sysroot=/ --enable-clocale=gnu --enable-libstdcxx-debug --enable-libstdcxx-time=yes --enable-gnu-unique-object --disable-libmudflap --enable-plugin --with-system-zlib --disable-browser-plugin --enable-java-awt=gtk --enable-gtk-cairo --with-java-home=/usr/lib/jvm/java-1.5.0-gcj-4.8-amd64/jre --enable-java-home --with-jvm-root-dir=/usr/lib/jvm/java-1.5.0-gcj-4.8-amd64 --with-jvm-jar-dir=/usr/lib/jvm-exports/java-1.5.0-gcj-4.8-amd64 --with-arch-directory=amd64 --with-ecj-jar=/usr/share/java/eclipse-ecj.jar --enable-objc-gc --enable-multiarch --disable-werror --with-arch-32=i686 --with-abi=m64 --with-multilib-list=m32,m64,mx32 --with-tune=generic --enable-checking=release --build=x86_64-linux-gnu --host=x86_64-linux-gnu --target=x86_64-linux-gnu
Thread model: posix
gcc version 4.8.4 (Ubuntu 4.8.4-2ubuntu1~14.04.3) 
COMPILER_PATH=/usr/lib/gcc/x86_64-linux-gnu/4.8/:/usr/lib/gcc/x86_64-linux-gnu/4.8/:/usr/lib/gcc/x86_64-linux-gnu/:/usr/lib/gcc/x86_64-linux-gnu/4.8/:/usr/lib/gcc/x86_64-linux-gnu/
LIBRARY_PATH=/usr/lib/gcc/x86_64-linux-gnu/4.8/:/usr/lib/gcc/x86_64-linux-gnu/4.8/../../../x86_64-linux-gnu/:/usr/lib/gcc/x86_64-linux-gnu/4.8/../../../../lib/:/lib/x86_64-linux-gnu/:/lib/../lib/:/usr/lib/x86_64-linux-gnu/:/usr/lib/../lib/:/usr/lib/gcc/x86_64-linux-gnu/4.8/../../../:/lib/:/usr/lib/
COLLECT_GCC_OPTIONS='-v' '-o' 'cmTC_aec43' '-rdynamic' '-shared-libgcc' '-mtune=generic' '-march=x86-64'
 /usr/lib/gcc/x86_64-linux-gnu/4.8/collect2 --sysroot=/ --build-id --eh-frame-hdr -m elf_x86_64 --hash-style=gnu --as-needed -export-dynamic -dynamic-linker /lib64/ld-linux-x86-64.so.2 -z relro -o cmTC_aec43 /usr/lib/gcc/x86_64-linux-gnu/4.8/../../../x86_64-linux-gnu/crt1.o /usr/lib/gcc/x86_64-linux-gnu/4.8/../../../x86_64-linux-gnu/crti.o /usr/lib/gcc/x86_64-linux-gnu/4.8/crtbegin.o -L/usr/lib/gcc/x86_64-linux-gnu/4.8 -L/usr/lib/gcc/x86_64-linux-gnu/4.8/../../../x86_64-linux-gnu -L/usr/lib/gcc/x86_64-linux-gnu/4.8/../../../../lib -L/lib/x86_64-linux-gnu -L/lib/../lib -L/usr/lib/x86_64-linux-gnu -L/usr/lib/../lib -L/usr/lib/gcc/x86_64-linux-gnu/4.8/../../.. CMakeFiles/cmTC_aec43.dir/CMakeCXXCompilerABI.cpp.o -lstdc++ -lm -lgcc_s -lgcc -lc -lgcc_s -lgcc /usr/lib/gcc/x86_64-linux-gnu/4.8/crtend.o /usr/lib/gcc/x86_64-linux-gnu/4.8/../../../x86_64-linux-gnu/crtn.o
make[1]: Leaving directory `/home/frankz/again/contech.git/trunk/llvm-contech/CMakeFiles/CMakeTmp'


Parsed CXX implicit link information from above output:
  link line regex: [^( *|.*[/\])(ld|([^/\]+-)?ld|collect2)[^/\]*( |$)]
  ignore line: [Change Dir: /home/frankz/again/contech.git/trunk/llvm-contech/CMakeFiles/CMakeTmp]
  ignore line: []
  ignore line: [Run Build Command:"/usr/bin/make" "cmTC_aec43/fast"]
  ignore line: [/usr/bin/make -f CMakeFiles/cmTC_aec43.dir/build.make CMakeFiles/cmTC_aec43.dir/build]
  ignore line: [make[1]: Entering directory `/home/frankz/again/contech.git/trunk/llvm-contech/CMakeFiles/CMakeTmp']
  ignore line: [Building CXX object CMakeFiles/cmTC_aec43.dir/CMakeCXXCompilerABI.cpp.o]
  ignore line: [/usr/bin/c++      -o CMakeFiles/cmTC_aec43.dir/CMakeCXXCompilerABI.cpp.o -c /usr/local/share/cmake-3.4/Modules/CMakeCXXCompilerABI.cpp]
  ignore line: [Linking CXX executable cmTC_aec43]
  ignore line: [/usr/local/bin/cmake -E cmake_link_script CMakeFiles/cmTC_aec43.dir/link.txt --verbose=1]
  ignore line: [/usr/bin/c++       -v CMakeFiles/cmTC_aec43.dir/CMakeCXXCompilerABI.cpp.o  -o cmTC_aec43 -rdynamic  ]
  ignore line: [Using built-in specs.]
  ignore line: [COLLECT_GCC=/usr/bin/c++]
  ignore line: [COLLECT_LTO_WRAPPER=/usr/lib/gcc/x86_64-linux-gnu/4.8/lto-wrapper]
  ignore line: [Target: x86_64-linux-gnu]
  ignore line: [Configured with: ../src/configure -v --with-pkgversion='Ubuntu 4.8.4-2ubuntu1~14.04.3' --with-bugurl=file:///usr/share/doc/gcc-4.8/README.Bugs --enable-languages=c,c++,java,go,d,fortran,objc,obj-c++ --prefix=/usr --program-suffix=-4.8 --enable-shared --enable-linker-build-id --libexecdir=/usr/lib --without-included-gettext --enable-threads=posix --with-gxx-include-dir=/usr/include/c++/4.8 --libdir=/usr/lib --enable-nls --with-sysroot=/ --enable-clocale=gnu --enable-libstdcxx-debug --enable-libstdcxx-time=yes --enable-gnu-unique-object --disable-libmudflap --enable-plugin --with-system-zlib --disable-browser-plugin --enable-java-awt=gtk --enable-gtk-cairo --with-java-home=/usr/lib/jvm/java-1.5.0-gcj-4.8-amd64/jre --enable-java-home --with-jvm-root-dir=/usr/lib/jvm/java-1.5.0-gcj-4.8-amd64 --with-jvm-jar-dir=/usr/lib/jvm-exports/java-1.5.0-gcj-4.8-amd64 --with-arch-directory=amd64 --with-ecj-jar=/usr/share/java/eclipse-ecj.jar --enable-objc-gc --enable-multiarch --disable-werror --with-arch-32=i686 --with-abi=m64 --with-multilib-list=m32,m64,mx32 --with-tune=generic --enable-checking=release --build=x86_64-linux-gnu --host=x86_64-linux-gnu --target=x86_64-linux-gnu]
  ignore line: [Thread model: posix]
  ignore line: [gcc version 4.8.4 (Ubuntu 4.8.4-2ubuntu1~14.04.3) ]
  ignore line: [COMPILER_PATH=/usr/lib/gcc/x86_64-linux-gnu/4.8/:/usr/lib/gcc/x86_64-linux-gnu/4.8/:/usr/lib/gcc/x86_64-linux-gnu/:/usr/lib/gcc/x86_64-linux-gnu/4.8/:/usr/lib/gcc/x86_64-linux-gnu/]
  ignore line: [LIBRARY_PATH=/usr/lib/gcc/x86_64-linux-gnu/4.8/:/usr/lib/gcc/x86_64-linux-gnu/4.8/../../../x86_64-linux-gnu/:/usr/lib/gcc/x86_64-linux-gnu/4.8/../../../../lib/:/lib/x86_64-linux-gnu/:/lib/../lib/:/usr/lib/x86_64-linux-gnu/:/usr/lib/../lib/:/usr/lib/gcc/x86_64-linux-gnu/4.8/../../../:/lib/:/usr/lib/]
  ignore line: [COLLECT_GCC_OPTIONS='-v' '-o' 'cmTC_aec43' '-rdynamic' '-shared-libgcc' '-mtune=generic' '-march=x86-64']
  link line: [ /usr/lib/gcc/x86_64-linux-gnu/4.8/collect2 --sysroot=/ --build-id --eh-frame-hdr -m elf_x86_64 --hash-style=gnu --as-needed -export-dynamic -dynamic-linker /lib64/ld-linux-x86-64.so.2 -z relro -o cmTC_aec43 /usr/lib/gcc/x86_64-linux-gnu/4.8/../../../x86_64-linux-gnu/crt1.o /usr/lib/gcc/x86_64-linux-gnu/4.8/../../../x86_64-linux-gnu/crti.o /usr/lib/gcc/x86_64-linux-gnu/4.8/crtbegin.o -L/usr/lib/gcc/x86_64-linux-gnu/4.8 -L/usr/lib/gcc/x86_64-linux-gnu/4.8/../../../x86_64-linux-gnu -L/usr/lib/gcc/x86_64-linux-gnu/4.8/../../../../lib -L/lib/x86_64-linux-gnu -L/lib/../lib -L/usr/lib/x86_64-linux-gnu -L/usr/lib/../lib -L/usr/lib/gcc/x86_64-linux-gnu/4.8/../../.. CMakeFiles/cmTC_aec43.dir/CMakeCXXCompilerABI.cpp.o -lstdc++ -lm -lgcc_s -lgcc -lc -lgcc_s -lgcc /usr/lib/gcc/x86_64-linux-gnu/4.8/crtend.o /usr/lib/gcc/x86_64-linux-gnu/4.8/../../../x86_64-linux-gnu/crtn.o]
    arg [/usr/lib/gcc/x86_64-linux-gnu/4.8/collect2] ==> ignore
    arg [--sysroot=/] ==> ignore
    arg [--build-id] ==> ignore
    arg [--eh-frame-hdr] ==> ignore
    arg [-m] ==> ignore
    arg [elf_x86_64] ==> ignore
    arg [--hash-style=gnu] ==> ignore
    arg [--as-needed] ==> ignore
    arg [-export-dynamic] ==> ignore
    arg [-dynamic-linker] ==> ignore
    arg [/lib64/ld-linux-x86-64.so.2] ==> ignore
    arg [-zrelro] ==> ignore
    arg [-o] ==> ignore
    arg [cmTC_aec43] ==> ignore
    arg [/usr/lib/gcc/x86_64-linux-gnu/4.8/../../../x86_64-linux-gnu/crt1.o] ==> ignore
    arg [/usr/lib/gcc/x86_64-linux-gnu/4.8/../../../x86_64-linux-gnu/crti.o] ==> ignore
    arg [/usr/lib/gcc/x86_64-linux-gnu/4.8/crtbegin.o] ==> ignore
    arg [-L/usr/lib/gcc/x86_64-linux-gnu/4.8] ==> dir [/usr/lib/gcc/x86_64-linux-gnu/4.8]
    arg [-L/usr/lib/gcc/x86_64-linux-gnu/4.8/../../../x86_64-linux-gnu] ==> dir [/usr/lib/gcc/x86_64-linux-gnu/4.8/../../../x86_64-linux-gnu]
    arg [-L/usr/lib/gcc/x86_64-linux-gnu/4.8/../../../../lib] ==> dir [/usr/lib/gcc/x86_64-linux-gnu/4.8/../../../../lib]
    arg [-L/lib/x86_64-linux-gnu] ==> dir [/lib/x86_64-linux-gnu]
    arg [-L/lib/../lib] ==> dir [/lib/../lib]
    arg [-L/usr/lib/x86_64-linux-gnu] ==> dir [/usr/lib/x86_64-linux-gnu]
    arg [-L/usr/lib/../lib] ==> dir [/usr/lib/../lib]
    arg [-L/usr/lib/gcc/x86_64-linux-gnu/4.8/../../..] ==> dir [/usr/lib/gcc/x86_64-linux-gnu/4.8/../../..]
    arg [CMakeFiles/cmTC_aec43.dir/CMakeCXXCompilerABI.cpp.o] ==> ignore
    arg [-lstdc++] ==> lib [stdc++]
    arg [-lm] ==> lib [m]
    arg [-lgcc_s] ==> lib [gcc_s]
    arg [-lgcc] ==> lib [gcc]
    arg [-lc] ==> lib [c]
    arg [-lgcc_s] ==> lib [gcc_s]
    arg [-lgcc] ==> lib [gcc]
    arg [/usr/lib/gcc/x86_64-linux-gnu/4.8/crtend.o] ==> ignore
    arg [/usr/lib/gcc/x86_64-linux-gnu/4.8/../../../x86_64-linux-gnu/crtn.o] ==> ignore
  remove lib [gcc_s]
  remove lib [gcc]
  remove lib [gcc_s]
  remove lib [gcc]
  collapse library dir [/usr/lib/gcc/x86_64-linux-gnu/4.8] ==> [/usr/lib/gcc/x86_64-linux-gnu/4.8]
  collapse library dir [/usr/lib/gcc/x86_64-linux-gnu/4.8/../../../x86_64-linux-gnu] ==> [/usr/lib/x86_64-linux-gnu]
  collapse library dir [/usr/lib/gcc/x86_64-linux-gnu/4.8/../../../../lib] ==> [/usr/lib]
  collapse library dir [/lib/x86_64-linux-gnu] ==> [/lib/x86_64-linux-gnu]
  collapse library dir [/lib/../lib] ==> [/lib]
  collapse library dir [/usr/lib/x86_64-linux-gnu] ==> [/usr/lib/x86_64-linux-gnu]
  collapse library dir [/usr/lib/../lib] ==> [/usr/lib]
  collapse library dir [/usr/lib/gcc/x86_64-linux-gnu/4.8/../../..] ==> [/usr/lib]
  implicit libs: [stdc++;m;c]
  implicit dirs: [/usr/lib/gcc/x86_64-linux-gnu/4.8;/usr/lib/x86_64-linux-gnu;/usr/lib;/lib/x86_64-linux-gnu;/lib]
  implicit fwks: []




Detecting CXX [-std=c++1y] compiler features compiled with the following output:
Change Dir: /home/frankz/again/contech.git/trunk/llvm-contech/CMakeFiles/CMakeTmp

Run Build Command:"/usr/bin/make" "cmTC_8cbc2/fast"
/usr/bin/make -f CMakeFiles/cmTC_8cbc2.dir/build.make CMakeFiles/cmTC_8cbc2.dir/build
make[1]: Entering directory `/home/frankz/again/contech.git/trunk/llvm-contech/CMakeFiles/CMakeTmp'
Building CXX object CMakeFiles/cmTC_8cbc2.dir/feature_tests.cxx.o
/usr/bin/c++     -std=c++1y -o CMakeFiles/cmTC_8cbc2.dir/feature_tests.cxx.o -c /home/frankz/again/contech.git/trunk/llvm-contech/CMakeFiles/feature_tests.cxx
Linking CXX executable cmTC_8cbc2
/usr/local/bin/cmake -E cmake_link_script CMakeFiles/cmTC_8cbc2.dir/link.txt --verbose=1
/usr/bin/c++        CMakeFiles/cmTC_8cbc2.dir/feature_tests.cxx.o  -o cmTC_8cbc2 -rdynamic 
make[1]: Leaving directory `/home/frankz/again/contech.git/trunk/llvm-contech/CMakeFiles/CMakeTmp'


    Feature record: CXX_FEATURE:0cxx_aggregate_default_initializers
    Feature record: CXX_FEATURE:1cxx_alias_templates
    Feature record: CXX_FEATURE:1cxx_alignas
    Feature record: CXX_FEATURE:1cxx_alignof
    Feature record: CXX_FEATURE:1cxx_attributes
    Feature record: CXX_FEATURE:0cxx_attribute_deprecated
    Feature record: CXX_FEATURE:1cxx_auto_type
    Feature record: CXX_FEATURE:0cxx_binary_literals
    Feature record: CXX_FEATURE:1cxx_constexpr
    Feature record: CXX_FEATURE:0cxx_contextual_conversions
    Feature record: CXX_FEATURE:1cxx_decltype
    Feature record: CXX_FEATURE:0cxx_decltype_auto
    Feature record: CXX_FEATURE:1cxx_decltype_incomplete_return_types
    Feature record: CXX_FEATURE:1cxx_default_function_template_args
    Feature record: CXX_FEATURE:1cxx_defaulted_functions
    Feature record: CXX_FEATURE:1cxx_defaulted_move_initializers
    Feature record: CXX_FEATURE:1cxx_delegating_constructors
    Feature record: CXX_FEATURE:1cxx_deleted_functions
    Feature record: CXX_FEATURE:0cxx_digit_separators
    Feature record: CXX_FEATURE:1cxx_enum_forward_declarations
    Feature record: CXX_FEATURE:1cxx_explicit_conversions
    Feature record: CXX_FEATURE:1cxx_extended_friend_declarations
    Feature record: CXX_FEATURE:1cxx_extern_templates
    Feature record: CXX_FEATURE:1cxx_final
    Feature record: CXX_FEATURE:1cxx_func_identifier
    Feature record: CXX_FEATURE:1cxx_generalized_initializers
    Feature record: CXX_FEATURE:0cxx_generic_lambdas
    Feature record: CXX_FEATURE:1cxx_inheriting_constructors
    Feature record: CXX_FEATURE:1cxx_inline_namespaces
    Feature record: CXX_FEATURE:1cxx_lambdas
    Feature record: CXX_FEATURE:0cxx_lambda_init_captures
    Feature record: CXX_FEATURE:1cxx_local_type_template_args
    Feature record: CXX_FEATURE:1cxx_long_long_type
    Feature record: CXX_FEATURE:1cxx_noexcept
    Feature record: CXX_FEATURE:1cxx_nonstatic_member_init
    Feature record: CXX_FEATURE:1cxx_nullptr
    Feature record: CXX_FEATURE:1cxx_override
    Feature record: CXX_FEATURE:1cxx_range_for
    Feature record: CXX_FEATURE:1cxx_raw_string_literals
    Feature record: CXX_FEATURE:1cxx_reference_qualified_functions
    Feature record: CXX_FEATURE:0cxx_relaxed_constexpr
    Feature record: CXX_FEATURE:0cxx_return_type_deduction
    Feature record: CXX_FEATURE:1cxx_right_angle_brackets
    Feature record: CXX_FEATURE:1cxx_rvalue_references
    Feature record: CXX_FEATURE:1cxx_sizeof_member
    Feature record: CXX_FEATURE:1cxx_static_assert
    Feature record: CXX_FEATURE:1cxx_strong_enums
    Feature record: CXX_FEATURE:1cxx_template_template_parameters
    Feature record: CXX_FEATURE:1cxx_thread_local
    Feature record: CXX_FEATURE:1cxx_trailing_return_types
    Feature record: CXX_FEATURE:1cxx_unicode_literals
    Feature record: CXX_FEATURE:1cxx_uniform_initialization
    Feature record: CXX_FEATURE:1cxx_unrestricted_unions
    Feature record: CXX_FEATURE:1cxx_user_literals
    Feature record: CXX_FEATURE:0cxx_variable_templates
    Feature record: CXX_FEATURE:1cxx_variadic_macros
    Feature record: CXX_FEATURE:1cxx_variadic_templates


Detecting CXX [-std=c++11] compiler features compiled with the following output:
Change Dir: /home/frankz/again/contech.git/trunk/llvm-contech/CMakeFiles/CMakeTmp

Run Build Command:"/usr/bin/make" "cmTC_b1d74/fast"
/usr/bin/make -f CMakeFiles/cmTC_b1d74.dir/build.make CMakeFiles/cmTC_b1d74.dir/build
make[1]: Entering directory `/home/frankz/again/contech.git/trunk/llvm-contech/CMakeFiles/CMakeTmp'
Building CXX object CMakeFiles/cmTC_b1d74.dir/feature_tests.cxx.o
/usr/bin/c++     -std=c++11 -o CMakeFiles/cmTC_b1d74.dir/feature_tests.cxx.o -c /home/frankz/again/contech.git/trunk/llvm-contech/CMakeFiles/feature_tests.cxx
Linking CXX executable cmTC_b1d74
/usr/local/bin/cmake -E cmake_link_script CMakeFiles/cmTC_b1d74.dir/link.txt --verbose=1
/usr/bin/c++        CMakeFiles/cmTC_b1d74.dir/feature_tests.cxx.o  -o cmTC_b1d74 -rdynamic 
make[1]: Leaving directory `/home/frankz/again/contech.git/trunk/llvm-contech/CMakeFiles/CMakeTmp'


    Feature record: CXX_FEATURE:0cxx_aggregate_default_initializers
    Feature record: CXX_FEATURE:1cxx_alias_templates
    Feature record: CXX_FEATURE:1cxx_alignas
    Feature record: CXX_FEATURE:1cxx_alignof
    Feature record: CXX_FEATURE:1cxx_attributes
    Feature record: CXX_FEATURE:0cxx_attribute_deprecated
    Feature record: CXX_FEATURE:1cxx_auto_type
    Feature record: CXX_FEATURE:0cxx_binary_literals
    Feature record: CXX_FEATURE:1cxx_constexpr
    Feature record: CXX_FEATURE:0cxx_contextual_conversions
    Feature record: CXX_FEATURE:1cxx_decltype
    Feature record: CXX_FEATURE:0cxx_decltype_auto
    Feature record: CXX_FEATURE:1cxx_decltype_incomplete_return_types
    Feature record: CXX_FEATURE:1cxx_default_function_template_args
    Feature record: CXX_FEATURE:1cxx_defaulted_functions
    Feature record: CXX_FEATURE:1cxx_defaulted_move_initializers
    Feature record: CXX_FEATURE:1cxx_delegating_constructors
    Feature record: CXX_FEATURE:1cxx_deleted_functions
    Feature record: CXX_FEATURE:0cxx_digit_separators
    Feature record: CXX_FEATURE:1cxx_enum_forward_declarations
    Feature record: CXX_FEATURE:1cxx_explicit_conversions
    Feature record: CXX_FEATURE:1cxx_extended_friend_declarations
    Feature record: CXX_FEATURE:1cxx_extern_templates
    Feature record: CXX_FEATURE:1cxx_final
    Feature record: CXX_FEATURE:1cxx_func_identifier
    Feature record: CXX_FEATURE:1cxx_generalized_initializers
    Feature record: CXX_FEATURE:0cxx_generic_lambdas
    Feature record: CXX_FEATURE:1cxx_inheriting_constructors
    Feature record: CXX_FEATURE:1cxx_inline_namespaces
    Feature record: CXX_FEATURE:1cxx_lambdas
    Feature record: CXX_FEATURE:0cxx_lambda_init_captures
    Feature record: CXX_FEATURE:1cxx_local_type_template_args
    Feature record: CXX_FEATURE:1cxx_long_long_type
    Feature record: CXX_FEATURE:1cxx_noexcept
    Feature record: CXX_FEATURE:1cxx_nonstatic_member_init
    Feature record: CXX_FEATURE:1cxx_nullptr
    Feature record: CXX_FEATURE:1cxx_override
    Feature record: CXX_FEATURE:1cxx_range_for
    Feature record: CXX_FEATURE:1cxx_raw_string_literals
    Feature record: CXX_FEATURE:1cxx_reference_qualified_functions
    Feature record: CXX_FEATURE:0cxx_relaxed_constexpr
    Feature record: CXX_FEATURE:0cxx_return_type_deduction
    Feature record: CXX_FEATURE:1cxx_right_angle_brackets
    Feature record: CXX_FEATURE:1cxx_rvalue_references
    Feature record: CXX_FEATURE:1cxx_sizeof_member
    Feature record: CXX_FEATURE:1cxx_static_assert
    Feature record: CXX_FEATURE:1cxx_strong_enums
    Feature record: CXX_FEATURE:1cxx_template_template_parameters
    Feature record: CXX_FEATURE:1cxx_thread_local
    Feature record: CXX_FEATURE:1cxx_trailing_return_types
    Feature record: CXX_FEATURE:1cxx_unicode_literals
    Feature record: CXX_FEATURE:1cxx_uniform_initialization
    Feature record: CXX_FEATURE:1cxx_unrestricted_unions
    Feature record: CXX_FEATURE:1cxx_user_literals
    Feature record: CXX_FEATURE:0cxx_variable_templates
    Feature record: CXX_FEATURE:1cxx_variadic_macros
    Feature record: CXX_FEATURE:1cxx_variadic_templates


Detecting CXX [-std=c++98] compiler features compiled with the following output:
Change Dir: /home/frankz/again/contech.git/trunk/llvm-contech/CMakeFiles/CMakeTmp

Run Build Command:"/usr/bin/make" "cmTC_b771d/fast"
/usr/bin/make -f CMakeFiles/cmTC_b771d.dir/build.make CMakeFiles/cmTC_b771d.dir/build
make[1]: Entering directory `/home/frankz/again/contech.git/trunk/llvm-contech/CMakeFiles/CMakeTmp'
Building CXX object CMakeFiles/cmTC_b771d.dir/feature_tests.cxx.o
/usr/bin/c++     -std=c++98 -o CMakeFiles/cmTC_b771d.dir/feature_tests.cxx.o -c /home/frankz/again/contech.git/trunk/llvm-contech/CMakeFiles/feature_tests.cxx
Linking CXX executable cmTC_b771d
/usr/local/bin/cmake -E cmake_link_script CMakeFiles/cmTC_b771d.dir/link.txt --verbose=1
/usr/bin/c++        CMakeFiles/cmTC_b771d.dir/feature_tests.cxx.o  -o cmTC_b771d -rdynamic 
make[1]: Leaving directory `/home/frankz/again/contech.git/trunk/llvm-contech/CMakeFiles/CMakeTmp'


    Feature record: CXX_FEATURE:0cxx_aggregate_default_initializers
    Feature record: CXX_FEATURE:0cxx_alias_templates
    Feature record: CXX_FEATURE:0cxx_alignas
    Feature record: CXX_FEATURE:0cxx_alignof
    Feature record: CXX_FEATURE:0cxx_attributes
    Feature record: CXX_FEATURE:0cxx_attribute_deprecated
    Feature record: CXX_FEATURE:0cxx_auto_type
    Feature record: CXX_FEATURE:0cxx_binary_literals
    Feature record: CXX_FEATURE:0cxx_constexpr
    Feature record: CXX_FEATURE:0cxx_contextual_conversions
    Feature record: CXX_FEATURE:0cxx_decltype
    Feature record: CXX_FEATURE:0cxx_decltype_auto
    Feature record: CXX_FEATURE:0cxx_decltype_incomplete_return_types
    Feature record: CXX_FEATURE:0cxx_default_function_template_args
    Feature record: CXX_FEATURE:0cxx_defaulted_functions
    Feature record: CXX_FEATURE:0cxx_defaulted_move_initializers
    Feature record: CXX_FEATURE:0cxx_delegating_constructors
    Feature record: CXX_FEATURE:0cxx_deleted_functions
    Feature record: CXX_FEATURE:0cxx_digit_separators
    Feature record: CXX_FEATURE:0cxx_enum_forward_declarations
    Feature record: CXX_FEATURE:0cxx_explicit_conversions
    Feature record: CXX_FEATURE:0cxx_extended_friend_declarations
    Feature record: CXX_FEATURE:0cxx_extern_templates
    Feature record: CXX_FEATURE:0cxx_final
    Feature record: CXX_FEATURE:0cxx_func_identifier
    Feature record: CXX_FEATURE:0cxx_generalized_initializers
    Feature record: CXX_FEATURE:0cxx_generic_lambdas
    Feature record: CXX_FEATURE:0cxx_inheriting_constructors
    Feature record: CXX_FEATURE:0cxx_inline_namespaces
    Feature record: CXX_FEATURE:0cxx_lambdas
    Feature record: CXX_FEATURE:0cxx_lambda_init_captures
    Feature record: CXX_FEATURE:0cxx_local_type_template_args
    Feature record: CXX_FEATURE:0cxx_long_long_type
    Feature record: CXX_FEATURE:0cxx_noexcept
    Feature record: CXX_FEATURE:0cxx_nonstatic_member_init
    Feature record: CXX_FEATURE:0cxx_nullptr
    Feature record: CXX_FEATURE:0cxx_override
    Feature record: CXX_FEATURE:0cxx_range_for
    Feature record: CXX_FEATURE:0cxx_raw_string_literals
    Feature record: CXX_FEATURE:0cxx_reference_qualified_functions
    Feature record: CXX_FEATURE:0cxx_relaxed_constexpr
    Feature record: CXX_FEATURE:0cxx_return_type_deduction
    Feature record: CXX_FEATURE:0cxx_right_angle_brackets
    Feature record: CXX_FEATURE:0cxx_rvalue_references
    Feature record: CXX_FEATURE:0cxx_sizeof_member
    Feature record: CXX_FEATURE:0cxx_static_assert
    Feature record: CXX_FEATURE:0cxx_strong_enums
    Feature record: CXX_FEATURE:1cxx_template_template_parameters
    Feature record: CXX_FEATURE:0cxx_thread_local
    Feature record: CXX_FEATURE:0cxx_trailing_return_types
    Feature record: CXX_FEATURE:0cxx_unicode_literals
    Feature record: CXX_FEATURE:0cxx_uniform_initialization
    Feature record: CXX_FEATURE:0cxx_unrestricted_unions
    Feature record: CXX_FEATURE:0cxx_user_literals
    Feature record: CXX_FEATURE:0cxx_variable_templates
    Feature record: CXX_FEATURE:0cxx_variadic_macros
    Feature record: CXX_FEATURE:0cxx_variadic_templates
Performing C SOURCE FILE Test C_SUPPORTS_FPIC succeded with the following output:
Change Dir: /home/frankz/again/contech.git/trunk/llvm-contech/CMakeFiles/CMakeTmp

Run Build Command:"/usr/bin/make" "cmTC_3b6c7/fast"
/usr/bin/make -f CMakeFiles/cmTC_3b6c7.dir/build.make CMakeFiles/cmTC_3b6c7.dir/build
make[1]: Entering directory `/home/frankz/again/contech.git/trunk/llvm-contech/CMakeFiles/CMakeTmp'
Building C object CMakeFiles/cmTC_3b6c7.dir/src.c.o
/usr/bin/cc    -DC_SUPPORTS_FPIC   -Werror -fPIC -o CMakeFiles/cmTC_3b6c7.dir/src.c.o   -c /home/frankz/again/contech.git/trunk/llvm-contech/CMakeFiles/CMakeTmp/src.c
Linking C executable cmTC_3b6c7
/usr/local/bin/cmake -E cmake_link_script CMakeFiles/cmTC_3b6c7.dir/link.txt --verbose=1
/usr/bin/cc   -DC_SUPPORTS_FPIC    CMakeFiles/cmTC_3b6c7.dir/src.c.o  -o cmTC_3b6c7 -rdynamic 
make[1]: Leaving directory `/home/frankz/again/contech.git/trunk/llvm-contech/CMakeFiles/CMakeTmp'

Source file was:
int main(void) { return 0; }
Performing C++ SOURCE FILE Test CXX_SUPPORTS_FPIC succeded with the following output:
Change Dir: /home/frankz/again/contech.git/trunk/llvm-contech/CMakeFiles/CMakeTmp

Run Build Command:"/usr/bin/make" "cmTC_53d3a/fast"
/usr/bin/make -f CMakeFiles/cmTC_53d3a.dir/build.make CMakeFiles/cmTC_53d3a.dir/build
make[1]: Entering directory `/home/frankz/again/contech.git/trunk/llvm-contech/CMakeFiles/CMakeTmp'
Building CXX object CMakeFiles/cmTC_53d3a.dir/src.cxx.o
/usr/bin/c++     -std=c++11 -DCXX_SUPPORTS_FPIC   -Werror -fPIC -o CMakeFiles/cmTC_53d3a.dir/src.cxx.o -c /home/frankz/again/contech.git/trunk/llvm-contech/CMakeFiles/CMakeTmp/src.cxx
Linking CXX executable cmTC_53d3a
/usr/local/bin/cmake -E cmake_link_script CMakeFiles/cmTC_53d3a.dir/link.txt --verbose=1
/usr/bin/c++    -std=c++11 -DCXX_SUPPORTS_FPIC    CMakeFiles/cmTC_53d3a.dir/src.cxx.o  -o cmTC_53d3a -rdynamic 
make[1]: Leaving directory `/home/frankz/again/contech.git/trunk/llvm-contech/CMakeFiles/CMakeTmp'

Source file was:
int main() { return 0; }
Performing C++ SOURCE FILE Test SUPPORTS_FVISIBILITY_INLINES_HIDDEN_FLAG succeded with the following output:
Change Dir: /home/frankz/again/contech.git/trunk/llvm-contech/CMakeFiles/CMakeTmp

Run Build Command:"/usr/bin/make" "cmTC_26101/fast"
/usr/bin/make -f CMakeFiles/cmTC_26101.dir/build.make CMakeFiles/cmTC_26101.dir/build
make[1]: Entering directory `/home/frankz/again/contech.git/trunk/llvm-contech/CMakeFiles/CMakeTmp'
Building CXX object CMakeFiles/cmTC_26101.dir/src.cxx.o
/usr/bin/c++     -std=c++11 -fPIC -DSUPPORTS_FVISIBILITY_INLINES_HIDDEN_FLAG   -fvisibility-inlines-hidden -o CMakeFiles/cmTC_26101.dir/src.cxx.o -c /home/frankz/again/contech.git/trunk/llvm-contech/CMakeFiles/CMakeTmp/src.cxx
Linking CXX executable cmTC_26101
/usr/local/bin/cmake -E cmake_link_script CMakeFiles/cmTC_26101.dir/link.txt --verbose=1
/usr/bin/c++    -std=c++11 -fPIC -DSUPPORTS_FVISIBILITY_INLINES_HIDDEN_FLAG    CMakeFiles/cmTC_26101.dir/src.cxx.o  -o cmTC_26101 -rdynamic 
make[1]: Leaving directory `/home/frankz/again/contech.git/trunk/llvm-contech/CMakeFiles/CMakeTmp'

Source file was:
int main() { return 0; }
Performing C++ SOURCE FILE Test CXX_SUPPORTS_CXX11 succeded with the following output:
Change Dir: /home/frankz/again/contech.git/trunk/llvm-contech/CMakeFiles/CMakeTmp

Run Build Command:"/usr/bin/make" "cmTC_466c6/fast"
/usr/bin/make -f CMakeFiles/cmTC_466c6.dir/build.make CMakeFiles/cmTC_466c6.dir/build
make[1]: Entering directory `/home/frankz/again/contech.git/trunk/llvm-contech/CMakeFiles/CMakeTmp'
Building CXX object CMakeFiles/cmTC_466c6.dir/src.cxx.o
/usr/bin/c++     -std=c++11 -fPIC -fvisibility-inlines-hidden -DCXX_SUPPORTS_CXX11   -std=c++11 -o CMakeFiles/cmTC_466c6.dir/src.cxx.o -c /home/frankz/again/contech.git/trunk/llvm-contech/CMakeFiles/CMakeTmp/src.cxx
Linking CXX executable cmTC_466c6
/usr/local/bin/cmake -E cmake_link_script CMakeFiles/cmTC_466c6.dir/link.txt --verbose=1
/usr/bin/c++    -std=c++11 -fPIC -fvisibility-inlines-hidden -DCXX_SUPPORTS_CXX11    CMakeFiles/cmTC_466c6.dir/src.cxx.o  -o cmTC_466c6 -rdynamic 
make[1]: Leaving directory `/home/frankz/again/contech.git/trunk/llvm-contech/CMakeFiles/CMakeTmp'

Source file was:
int main() { return 0; }
Performing C SOURCE FILE Test C_SUPPORTS_FNO_FUNCTION_SECTIONS succeded with the following output:
Change Dir: /home/frankz/again/contech.git/trunk/llvm-contech/CMakeFiles/CMakeTmp

Run Build Command:"/usr/bin/make" "cmTC_549aa/fast"
/usr/bin/make -f CMakeFiles/cmTC_549aa.dir/build.make CMakeFiles/cmTC_549aa.dir/build
make[1]: Entering directory `/home/frankz/again/contech.git/trunk/llvm-contech/CMakeFiles/CMakeTmp'
Building C object CMakeFiles/cmTC_549aa.dir/src.c.o
/usr/bin/cc    -fPIC -DC_SUPPORTS_FNO_FUNCTION_SECTIONS   -Werror -fno-function-sections -o CMakeFiles/cmTC_549aa.dir/src.c.o   -c /home/frankz/again/contech.git/trunk/llvm-contech/CMakeFiles/CMakeTmp/src.c
Linking C executable cmTC_549aa
/usr/local/bin/cmake -E cmake_link_script CMakeFiles/cmTC_549aa.dir/link.txt --verbose=1
/usr/bin/cc   -fPIC -DC_SUPPORTS_FNO_FUNCTION_SECTIONS    CMakeFiles/cmTC_549aa.dir/src.c.o  -o cmTC_549aa -rdynamic 
make[1]: Leaving directory `/home/frankz/again/contech.git/trunk/llvm-contech/CMakeFiles/CMakeTmp'

Source file was:
int main(void) { return 0; }
Performing C SOURCE FILE Test C_SUPPORTS_FFUNCTION_SECTIONS succeded with the following output:
Change Dir: /home/frankz/again/contech.git/trunk/llvm-contech/CMakeFiles/CMakeTmp

Run Build Command:"/usr/bin/make" "cmTC_96c0f/fast"
/usr/bin/make -f CMakeFiles/cmTC_96c0f.dir/build.make CMakeFiles/cmTC_96c0f.dir/build
make[1]: Entering directory `/home/frankz/again/contech.git/trunk/llvm-contech/CMakeFiles/CMakeTmp'
Building C object CMakeFiles/cmTC_96c0f.dir/src.c.o
/usr/bin/cc    -fPIC -DC_SUPPORTS_FFUNCTION_SECTIONS   -Werror -ffunction-sections -o CMakeFiles/cmTC_96c0f.dir/src.c.o   -c /home/frankz/again/contech.git/trunk/llvm-contech/CMakeFiles/CMakeTmp/src.c
Linking C executable cmTC_96c0f
/usr/local/bin/cmake -E cmake_link_script CMakeFiles/cmTC_96c0f.dir/link.txt --verbose=1
/usr/bin/cc   -fPIC -DC_SUPPORTS_FFUNCTION_SECTIONS    CMakeFiles/cmTC_96c0f.dir/src.c.o  -o cmTC_96c0f -rdynamic 
make[1]: Leaving directory `/home/frankz/again/contech.git/trunk/llvm-contech/CMakeFiles/CMakeTmp'

Source file was:
int main(void) { return 0; }
Performing C++ SOURCE FILE Test CXX_SUPPORTS_FFUNCTION_SECTIONS succeded with the following output:
Change Dir: /home/frankz/again/contech.git/trunk/llvm-contech/CMakeFiles/CMakeTmp

Run Build Command:"/usr/bin/make" "cmTC_3af99/fast"
/usr/bin/make -f CMakeFiles/cmTC_3af99.dir/build.make CMakeFiles/cmTC_3af99.dir/build
make[1]: Entering directory `/home/frankz/again/contech.git/trunk/llvm-contech/CMakeFiles/CMakeTmp'
Building CXX object CMakeFiles/cmTC_3af99.dir/src.cxx.o
/usr/bin/c++     -std=c++11 -fPIC -fvisibility-inlines-hidden -std=c++11 -DCXX_SUPPORTS_FFUNCTION_SECTIONS   -Werror -ffunction-sections -o CMakeFiles/cmTC_3af99.dir/src.cxx.o -c /home/frankz/again/contech.git/trunk/llvm-contech/CMakeFiles/CMakeTmp/src.cxx
Linking CXX executable cmTC_3af99
/usr/local/bin/cmake -E cmake_link_script CMakeFiles/cmTC_3af99.dir/link.txt --verbose=1
/usr/bin/c++    -std=c++11 -fPIC -fvisibility-inlines-hidden -std=c++11 -DCXX_SUPPORTS_FFUNCTION_SECTIONS    CMakeFiles/cmTC_3af99.dir/src.cxx.o  -o cmTC_3af99 -rdynamic 
make[1]: Leaving directory `/home/frankz/again/contech.git/trunk/llvm-contech/CMakeFiles/CMakeTmp'

Source file was:
int main() { return 0; }
Performing C SOURCE FILE Test C_SUPPORTS_FDATA_SECTIONS succeded with the following output:
Change Dir: /home/frankz/again/contech.git/trunk/llvm-contech/CMakeFiles/CMakeTmp

Run Build Command:"/usr/bin/make" "cmTC_bc448/fast"
/usr/bin/make -f CMakeFiles/cmTC_bc448.dir/build.make CMakeFiles/cmTC_bc448.dir/build
make[1]: Entering directory `/home/frankz/again/contech.git/trunk/llvm-contech/CMakeFiles/CMakeTmp'
Building C object CMakeFiles/cmTC_bc448.dir/src.c.o
/usr/bin/cc    -fPIC -ffunction-sections -DC_SUPPORTS_FDATA_SECTIONS   -Werror -fdata-sections -o CMakeFiles/cmTC_bc448.dir/src.c.o   -c /home/frankz/again/contech.git/trunk/llvm-contech/CMakeFiles/CMakeTmp/src.c
Linking C executable cmTC_bc448
/usr/local/bin/cmake -E cmake_link_script CMakeFiles/cmTC_bc448.dir/link.txt --verbose=1
/usr/bin/cc   -fPIC -ffunction-sections -DC_SUPPORTS_FDATA_SECTIONS    CMakeFiles/cmTC_bc448.dir/src.c.o  -o cmTC_bc448 -rdynamic 
make[1]: Leaving directory `/home/frankz/again/contech.git/trunk/llvm-contech/CMakeFiles/CMakeTmp'

Source file was:
int main(void) { return 0; }
Performing C++ SOURCE FILE Test CXX_SUPPORTS_FDATA_SECTIONS succeded with the following output:
Change Dir: /home/frankz/again/contech.git/trunk/llvm-contech/CMakeFiles/CMakeTmp

Run Build Command:"/usr/bin/make" "cmTC_638ec/fast"
/usr/bin/make -f CMakeFiles/cmTC_638ec.dir/build.make CMakeFiles/cmTC_638ec.dir/build
make[1]: Entering directory `/home/frankz/again/contech.git/trunk/llvm-contech/CMakeFiles/CMakeTmp'
Building CXX object CMakeFiles/cmTC_638ec.dir/src.cxx.o
/usr/bin/c++     -std=c++11 -fPIC -fvisibility-inlines-hidden -std=c++11 -ffunction-sections -DCXX_SUPPORTS_FDATA_SECTIONS   -Werror -fdata-sections -o CMakeFiles/cmTC_638ec.dir/src.cxx.o -c /home/frankz/again/contech.git/trunk/llvm-contech/CMakeFiles/CMakeTmp/src.cxx
Linking CXX executable cmTC_638ec
/usr/local/bin/cmake -E cmake_link_script CMakeFiles/cmTC_638ec.dir/link.txt --verbose=1
/usr/bin/c++    -std=c++11 -fPIC -fvisibility-inlines-hidden -std=c++11 -ffunction-sections -DCXX_SUPPORTS_FDATA_SECTIONS    CMakeFiles/cmTC_638ec.dir/src.cxx.o  -o cmTC_638ec -rdynamic 
make[1]: Leaving directory `/home/frankz/again/contech.git/trunk/llvm-contech/CMakeFiles/CMakeTmp'

Source file was:
int main() { return 0; }
Performing C SOURCE FILE Test C_SUPPORTS_FPIC succeded with the following output:
Change Dir: /Simulator/TraceGeneration/llvm-contech/CMakeFiles/CMakeTmp

Run Build Command:"/usr/bin/make" "cmTC_9654a/fast"
/usr/bin/make -f CMakeFiles/cmTC_9654a.dir/build.make CMakeFiles/cmTC_9654a.dir/build
make[1]: Entering directory '/Simulator/TraceGeneration/llvm-contech/CMakeFiles/CMakeTmp'
Building C object CMakeFiles/cmTC_9654a.dir/src.c.o
/usr/bin/cc    -DC_SUPPORTS_FPIC   -Werror -fPIC -o CMakeFiles/cmTC_9654a.dir/src.c.o   -c /Simulator/TraceGeneration/llvm-contech/CMakeFiles/CMakeTmp/src.c
Linking C executable cmTC_9654a
/usr/local/bin/cmake -E cmake_link_script CMakeFiles/cmTC_9654a.dir/link.txt --verbose=1
/usr/bin/cc   -DC_SUPPORTS_FPIC    CMakeFiles/cmTC_9654a.dir/src.c.o  -o cmTC_9654a -rdynamic 
make[1]: Leaving directory '/Simulator/TraceGeneration/llvm-contech/CMakeFiles/CMakeTmp'

Source file was:
int main(void) { return 0; }
Performing C++ SOURCE FILE Test CXX_SUPPORTS_FPIC succeded with the following output:
Change Dir: /Simulator/TraceGeneration/llvm-contech/CMakeFiles/CMakeTmp

Run Build Command:"/usr/bin/make" "cmTC_6a29a/fast"
/usr/bin/make -f CMakeFiles/cmTC_6a29a.dir/build.make CMakeFiles/cmTC_6a29a.dir/build
make[1]: Entering directory '/Simulator/TraceGeneration/llvm-contech/CMakeFiles/CMakeTmp'
Building CXX object CMakeFiles/cmTC_6a29a.dir/src.cxx.o
/usr/bin/c++     -std=c++11 -DCXX_SUPPORTS_FPIC   -Werror -fPIC -o CMakeFiles/cmTC_6a29a.dir/src.cxx.o -c /Simulator/TraceGeneration/llvm-contech/CMakeFiles/CMakeTmp/src.cxx
Linking CXX executable cmTC_6a29a
/usr/local/bin/cmake -E cmake_link_script CMakeFiles/cmTC_6a29a.dir/link.txt --verbose=1
/usr/bin/c++    -std=c++11 -DCXX_SUPPORTS_FPIC    CMakeFiles/cmTC_6a29a.dir/src.cxx.o  -o cmTC_6a29a -rdynamic 
make[1]: Leaving directory '/Simulator/TraceGeneration/llvm-contech/CMakeFiles/CMakeTmp'

Source file was:
int main() { return 0; }
Performing C++ SOURCE FILE Test SUPPORTS_FVISIBILITY_INLINES_HIDDEN_FLAG succeded with the following output:
Change Dir: /Simulator/TraceGeneration/llvm-contech/CMakeFiles/CMakeTmp

Run Build Command:"/usr/bin/make" "cmTC_4686b/fast"
/usr/bin/make -f CMakeFiles/cmTC_4686b.dir/build.make CMakeFiles/cmTC_4686b.dir/build
make[1]: Entering directory '/Simulator/TraceGeneration/llvm-contech/CMakeFiles/CMakeTmp'
Building CXX object CMakeFiles/cmTC_4686b.dir/src.cxx.o
/usr/bin/c++     -std=c++11 -fPIC -DSUPPORTS_FVISIBILITY_INLINES_HIDDEN_FLAG   -fvisibility-inlines-hidden -o CMakeFiles/cmTC_4686b.dir/src.cxx.o -c /Simulator/TraceGeneration/llvm-contech/CMakeFiles/CMakeTmp/src.cxx
Linking CXX executable cmTC_4686b
/usr/local/bin/cmake -E cmake_link_script CMakeFiles/cmTC_4686b.dir/link.txt --verbose=1
/usr/bin/c++    -std=c++11 -fPIC -DSUPPORTS_FVISIBILITY_INLINES_HIDDEN_FLAG    CMakeFiles/cmTC_4686b.dir/src.cxx.o  -o cmTC_4686b -rdynamic 
make[1]: Leaving directory '/Simulator/TraceGeneration/llvm-contech/CMakeFiles/CMakeTmp'

Source file was:
int main() { return 0; }
Performing C SOURCE FILE Test C_SUPPORTS_WERROR_DATE_TIME succeded with the following output:
Change Dir: /Simulator/TraceGeneration/llvm-contech/CMakeFiles/CMakeTmp

Run Build Command:"/usr/bin/make" "cmTC_7963b/fast"
/usr/bin/make -f CMakeFiles/cmTC_7963b.dir/build.make CMakeFiles/cmTC_7963b.dir/build
make[1]: Entering directory '/Simulator/TraceGeneration/llvm-contech/CMakeFiles/CMakeTmp'
Building C object CMakeFiles/cmTC_7963b.dir/src.c.o
/usr/bin/cc    -fPIC -DC_SUPPORTS_WERROR_DATE_TIME   -Werror -Werror=date-time -o CMakeFiles/cmTC_7963b.dir/src.c.o   -c /Simulator/TraceGeneration/llvm-contech/CMakeFiles/CMakeTmp/src.c
Linking C executable cmTC_7963b
/usr/local/bin/cmake -E cmake_link_script CMakeFiles/cmTC_7963b.dir/link.txt --verbose=1
/usr/bin/cc   -fPIC -DC_SUPPORTS_WERROR_DATE_TIME    CMakeFiles/cmTC_7963b.dir/src.c.o  -o cmTC_7963b -rdynamic 
make[1]: Leaving directory '/Simulator/TraceGeneration/llvm-contech/CMakeFiles/CMakeTmp'

Source file was:
int main(void) { return 0; }
Performing C++ SOURCE FILE Test CXX_SUPPORTS_WERROR_DATE_TIME succeded with the following output:
Change Dir: /Simulator/TraceGeneration/llvm-contech/CMakeFiles/CMakeTmp

Run Build Command:"/usr/bin/make" "cmTC_3e0bc/fast"
/usr/bin/make -f CMakeFiles/cmTC_3e0bc.dir/build.make CMakeFiles/cmTC_3e0bc.dir/build
make[1]: Entering directory '/Simulator/TraceGeneration/llvm-contech/CMakeFiles/CMakeTmp'
Building CXX object CMakeFiles/cmTC_3e0bc.dir/src.cxx.o
/usr/bin/c++     -std=c++11 -fPIC -fvisibility-inlines-hidden -DCXX_SUPPORTS_WERROR_DATE_TIME   -Werror -Werror=date-time -o CMakeFiles/cmTC_3e0bc.dir/src.cxx.o -c /Simulator/TraceGeneration/llvm-contech/CMakeFiles/CMakeTmp/src.cxx
Linking CXX executable cmTC_3e0bc
/usr/local/bin/cmake -E cmake_link_script CMakeFiles/cmTC_3e0bc.dir/link.txt --verbose=1
/usr/bin/c++    -std=c++11 -fPIC -fvisibility-inlines-hidden -DCXX_SUPPORTS_WERROR_DATE_TIME    CMakeFiles/cmTC_3e0bc.dir/src.cxx.o  -o cmTC_3e0bc -rdynamic 
make[1]: Leaving directory '/Simulator/TraceGeneration/llvm-contech/CMakeFiles/CMakeTmp'

Source file was:
int main() { return 0; }
Performing C++ SOURCE FILE Test CXX_SUPPORTS_CXX11 succeded with the following output:
Change Dir: /Simulator/TraceGeneration/llvm-contech/CMakeFiles/CMakeTmp

Run Build Command:"/usr/bin/make" "cmTC_20554/fast"
/usr/bin/make -f CMakeFiles/cmTC_20554.dir/build.make CMakeFiles/cmTC_20554.dir/build
make[1]: Entering directory '/Simulator/TraceGeneration/llvm-contech/CMakeFiles/CMakeTmp'
Building CXX object CMakeFiles/cmTC_20554.dir/src.cxx.o
/usr/bin/c++     -std=c++11 -fPIC -fvisibility-inlines-hidden -Werror=date-time -DCXX_SUPPORTS_CXX11   -std=c++11 -o CMakeFiles/cmTC_20554.dir/src.cxx.o -c /Simulator/TraceGeneration/llvm-contech/CMakeFiles/CMakeTmp/src.cxx
Linking CXX executable cmTC_20554
/usr/local/bin/cmake -E cmake_link_script CMakeFiles/cmTC_20554.dir/link.txt --verbose=1
/usr/bin/c++    -std=c++11 -fPIC -fvisibility-inlines-hidden -Werror=date-time -DCXX_SUPPORTS_CXX11    CMakeFiles/cmTC_20554.dir/src.cxx.o  -o cmTC_20554 -rdynamic 
make[1]: Leaving directory '/Simulator/TraceGeneration/llvm-contech/CMakeFiles/CMakeTmp'

Source file was:
int main() { return 0; }
Performing C SOURCE FILE Test C_SUPPORTS_FNO_FUNCTION_SECTIONS succeded with the following output:
Change Dir: /Simulator/TraceGeneration/llvm-contech/CMakeFiles/CMakeTmp

Run Build Command:"/usr/bin/make" "cmTC_983e0/fast"
/usr/bin/make -f CMakeFiles/cmTC_983e0.dir/build.make CMakeFiles/cmTC_983e0.dir/build
make[1]: Entering directory '/Simulator/TraceGeneration/llvm-contech/CMakeFiles/CMakeTmp'
Building C object CMakeFiles/cmTC_983e0.dir/src.c.o
/usr/bin/cc    -fPIC -Werror=date-time -DC_SUPPORTS_FNO_FUNCTION_SECTIONS   -Werror -fno-function-sections -o CMakeFiles/cmTC_983e0.dir/src.c.o   -c /Simulator/TraceGeneration/llvm-contech/CMakeFiles/CMakeTmp/src.c
Linking C executable cmTC_983e0
/usr/local/bin/cmake -E cmake_link_script CMakeFiles/cmTC_983e0.dir/link.txt --verbose=1
/usr/bin/cc   -fPIC -Werror=date-time -DC_SUPPORTS_FNO_FUNCTION_SECTIONS    CMakeFiles/cmTC_983e0.dir/src.c.o  -o cmTC_983e0 -rdynamic 
make[1]: Leaving directory '/Simulator/TraceGeneration/llvm-contech/CMakeFiles/CMakeTmp'

Source file was:
int main(void) { return 0; }
Performing C SOURCE FILE Test C_SUPPORTS_FFUNCTION_SECTIONS succeded with the following output:
Change Dir: /Simulator/TraceGeneration/llvm-contech/CMakeFiles/CMakeTmp

Run Build Command:"/usr/bin/make" "cmTC_05824/fast"
/usr/bin/make -f CMakeFiles/cmTC_05824.dir/build.make CMakeFiles/cmTC_05824.dir/build
make[1]: Entering directory '/Simulator/TraceGeneration/llvm-contech/CMakeFiles/CMakeTmp'
Building C object CMakeFiles/cmTC_05824.dir/src.c.o
/usr/bin/cc    -fPIC -Werror=date-time -DC_SUPPORTS_FFUNCTION_SECTIONS   -Werror -ffunction-sections -o CMakeFiles/cmTC_05824.dir/src.c.o   -c /Simulator/TraceGeneration/llvm-contech/CMakeFiles/CMakeTmp/src.c
Linking C executable cmTC_05824
/usr/local/bin/cmake -E cmake_link_script CMakeFiles/cmTC_05824.dir/link.txt --verbose=1
/usr/bin/cc   -fPIC -Werror=date-time -DC_SUPPORTS_FFUNCTION_SECTIONS    CMakeFiles/cmTC_05824.dir/src.c.o  -o cmTC_05824 -rdynamic 
make[1]: Leaving directory '/Simulator/TraceGeneration/llvm-contech/CMakeFiles/CMakeTmp'

Source file was:
int main(void) { return 0; }
Performing C++ SOURCE FILE Test CXX_SUPPORTS_FFUNCTION_SECTIONS succeded with the following output:
Change Dir: /Simulator/TraceGeneration/llvm-contech/CMakeFiles/CMakeTmp

Run Build Command:"/usr/bin/make" "cmTC_84f66/fast"
/usr/bin/make -f CMakeFiles/cmTC_84f66.dir/build.make CMakeFiles/cmTC_84f66.dir/build
make[1]: Entering directory '/Simulator/TraceGeneration/llvm-contech/CMakeFiles/CMakeTmp'
Building CXX object CMakeFiles/cmTC_84f66.dir/src.cxx.o
/usr/bin/c++     -std=c++11 -fPIC -fvisibility-inlines-hidden -Werror=date-time -std=c++11 -DCXX_SUPPORTS_FFUNCTION_SECTIONS   -Werror -ffunction-sections -o CMakeFiles/cmTC_84f66.dir/src.cxx.o -c /Simulator/TraceGeneration/llvm-contech/CMakeFiles/CMakeTmp/src.cxx
Linking CXX executable cmTC_84f66
/usr/local/bin/cmake -E cmake_link_script CMakeFiles/cmTC_84f66.dir/link.txt --verbose=1
/usr/bin/c++    -std=c++11 -fPIC -fvisibility-inlines-hidden -Werror=date-time -std=c++11 -DCXX_SUPPORTS_FFUNCTION_SECTIONS    CMakeFiles/cmTC_84f66.dir/src.cxx.o  -o cmTC_84f66 -rdynamic 
make[1]: Leaving directory '/Simulator/TraceGeneration/llvm-contech/CMakeFiles/CMakeTmp'

Source file was:
int main() { return 0; }
Performing C SOURCE FILE Test C_SUPPORTS_FDATA_SECTIONS succeded with the following output:
Change Dir: /Simulator/TraceGeneration/llvm-contech/CMakeFiles/CMakeTmp

Run Build Command:"/usr/bin/make" "cmTC_7878b/fast"
/usr/bin/make -f CMakeFiles/cmTC_7878b.dir/build.make CMakeFiles/cmTC_7878b.dir/build
make[1]: Entering directory '/Simulator/TraceGeneration/llvm-contech/CMakeFiles/CMakeTmp'
Building C object CMakeFiles/cmTC_7878b.dir/src.c.o
/usr/bin/cc    -fPIC -Werror=date-time -ffunction-sections -DC_SUPPORTS_FDATA_SECTIONS   -Werror -fdata-sections -o CMakeFiles/cmTC_7878b.dir/src.c.o   -c /Simulator/TraceGeneration/llvm-contech/CMakeFiles/CMakeTmp/src.c
Linking C executable cmTC_7878b
/usr/local/bin/cmake -E cmake_link_script CMakeFiles/cmTC_7878b.dir/link.txt --verbose=1
/usr/bin/cc   -fPIC -Werror=date-time -ffunction-sections -DC_SUPPORTS_FDATA_SECTIONS    CMakeFiles/cmTC_7878b.dir/src.c.o  -o cmTC_7878b -rdynamic 
make[1]: Leaving directory '/Simulator/TraceGeneration/llvm-contech/CMakeFiles/CMakeTmp'

Source file was:
int main(void) { return 0; }
Performing C++ SOURCE FILE Test CXX_SUPPORTS_FDATA_SECTIONS succeded with the following output:
Change Dir: /Simulator/TraceGeneration/llvm-contech/CMakeFiles/CMakeTmp

Run Build Command:"/usr/bin/make" "cmTC_c2948/fast"
/usr/bin/make -f CMakeFiles/cmTC_c2948.dir/build.make CMakeFiles/cmTC_c2948.dir/build
make[1]: Entering directory '/Simulator/TraceGeneration/llvm-contech/CMakeFiles/CMakeTmp'
Building CXX object CMakeFiles/cmTC_c2948.dir/src.cxx.o
/usr/bin/c++     -std=c++11 -fPIC -fvisibility-inlines-hidden -Werror=date-time -std=c++11 -ffunction-sections -DCXX_SUPPORTS_FDATA_SECTIONS   -Werror -fdata-sections -o CMakeFiles/cmTC_c2948.dir/src.cxx.o -c /Simulator/TraceGeneration/llvm-contech/CMakeFiles/CMakeTmp/src.cxx
Linking CXX executable cmTC_c2948
/usr/local/bin/cmake -E cmake_link_script CMakeFiles/cmTC_c2948.dir/link.txt --verbose=1
/usr/bin/c++    -std=c++11 -fPIC -fvisibility-inlines-hidden -Werror=date-time -std=c++11 -ffunction-sections -DCXX_SUPPORTS_FDATA_SECTIONS    CMakeFiles/cmTC_c2948.dir/src.cxx.o  -o cmTC_c2948 -rdynamic 
make[1]: Leaving directory '/Simulator/TraceGeneration/llvm-contech/CMakeFiles/CMakeTmp'

Source file was:
int main() { return 0; }
Performing C SOURCE FILE Test C_SUPPORTS_FPIC succeded with the following output:
Change Dir: /Simulator/TraceGeneration/llvm-contech/CMakeFiles/CMakeTmp

Run Build Command:"/usr/bin/make" "cmTC_ff90f/fast"
/usr/bin/make -f CMakeFiles/cmTC_ff90f.dir/build.make CMakeFiles/cmTC_ff90f.dir/build
make[1]: Entering directory `/Simulator/TraceGeneration/llvm-contech/CMakeFiles/CMakeTmp'
Building C object CMakeFiles/cmTC_ff90f.dir/src.c.o
/usr/bin/cc    -DC_SUPPORTS_FPIC   -Werror -fPIC -o CMakeFiles/cmTC_ff90f.dir/src.c.o   -c /Simulator/TraceGeneration/llvm-contech/CMakeFiles/CMakeTmp/src.c
Linking C executable cmTC_ff90f
/usr/local/bin/cmake -E cmake_link_script CMakeFiles/cmTC_ff90f.dir/link.txt --verbose=1
/usr/bin/cc   -DC_SUPPORTS_FPIC    CMakeFiles/cmTC_ff90f.dir/src.c.o  -o cmTC_ff90f -rdynamic 
make[1]: Leaving directory `/Simulator/TraceGeneration/llvm-contech/CMakeFiles/CMakeTmp'

Source file was:
int main(void) { return 0; }
Performing C++ SOURCE FILE Test CXX_SUPPORTS_FPIC succeded with the following output:
Change Dir: /Simulator/TraceGeneration/llvm-contech/CMakeFiles/CMakeTmp

Run Build Command:"/usr/bin/make" "cmTC_5a319/fast"
/usr/bin/make -f CMakeFiles/cmTC_5a319.dir/build.make CMakeFiles/cmTC_5a319.dir/build
make[1]: Entering directory `/Simulator/TraceGeneration/llvm-contech/CMakeFiles/CMakeTmp'
Building CXX object CMakeFiles/cmTC_5a319.dir/src.cxx.o
/usr/bin/c++     -std=c++11 -DCXX_SUPPORTS_FPIC   -Werror -fPIC -o CMakeFiles/cmTC_5a319.dir/src.cxx.o -c /Simulator/TraceGeneration/llvm-contech/CMakeFiles/CMakeTmp/src.cxx
Linking CXX executable cmTC_5a319
/usr/local/bin/cmake -E cmake_link_script CMakeFiles/cmTC_5a319.dir/link.txt --verbose=1
/usr/bin/c++    -std=c++11 -DCXX_SUPPORTS_FPIC    CMakeFiles/cmTC_5a319.dir/src.cxx.o  -o cmTC_5a319 -rdynamic 
make[1]: Leaving directory `/Simulator/TraceGeneration/llvm-contech/CMakeFiles/CMakeTmp'

Source file was:
int main() { return 0; }
Performing C++ SOURCE FILE Test SUPPORTS_FVISIBILITY_INLINES_HIDDEN_FLAG succeded with the following output:
Change Dir: /Simulator/TraceGeneration/llvm-contech/CMakeFiles/CMakeTmp

Run Build Command:"/usr/bin/make" "cmTC_8ed89/fast"
/usr/bin/make -f CMakeFiles/cmTC_8ed89.dir/build.make CMakeFiles/cmTC_8ed89.dir/build
make[1]: Entering directory `/Simulator/TraceGeneration/llvm-contech/CMakeFiles/CMakeTmp'
Building CXX object CMakeFiles/cmTC_8ed89.dir/src.cxx.o
/usr/bin/c++     -std=c++11 -fPIC -DSUPPORTS_FVISIBILITY_INLINES_HIDDEN_FLAG   -fvisibility-inlines-hidden -o CMakeFiles/cmTC_8ed89.dir/src.cxx.o -c /Simulator/TraceGeneration/llvm-contech/CMakeFiles/CMakeTmp/src.cxx
Linking CXX executable cmTC_8ed89
/usr/local/bin/cmake -E cmake_link_script CMakeFiles/cmTC_8ed89.dir/link.txt --verbose=1
/usr/bin/c++    -std=c++11 -fPIC -DSUPPORTS_FVISIBILITY_INLINES_HIDDEN_FLAG    CMakeFiles/cmTC_8ed89.dir/src.cxx.o  -o cmTC_8ed89 -rdynamic 
make[1]: Leaving directory `/Simulator/TraceGeneration/llvm-contech/CMakeFiles/CMakeTmp'

Source file was:
int main() { return 0; }
Performing C++ SOURCE FILE Test CXX_SUPPORTS_CXX11 succeded with the following output:
Change Dir: /Simulator/TraceGeneration/llvm-contech/CMakeFiles/CMakeTmp

Run Build Command:"/usr/bin/make" "cmTC_638f8/fast"
/usr/bin/make -f CMakeFiles/cmTC_638f8.dir/build.make CMakeFiles/cmTC_638f8.dir/build
make[1]: Entering directory `/Simulator/TraceGeneration/llvm-contech/CMakeFiles/CMakeTmp'
Building CXX object CMakeFiles/cmTC_638f8.dir/src.cxx.o
/usr/bin/c++     -std=c++11 -fPIC -fvisibility-inlines-hidden -DCXX_SUPPORTS_CXX11   -std=c++11 -o CMakeFiles/cmTC_638f8.dir/src.cxx.o -c /Simulator/TraceGeneration/llvm-contech/CMakeFiles/CMakeTmp/src.cxx
Linking CXX executable cmTC_638f8
/usr/local/bin/cmake -E cmake_link_script CMakeFiles/cmTC_638f8.dir/link.txt --verbose=1
/usr/bin/c++    -std=c++11 -fPIC -fvisibility-inlines-hidden -DCXX_SUPPORTS_CXX11    CMakeFiles/cmTC_638f8.dir/src.cxx.o  -o cmTC_638f8 -rdynamic 
make[1]: Leaving directory `/Simulator/TraceGeneration/llvm-contech/CMakeFiles/CMakeTmp'

Source file was:
int main() { return 0; }
Performing C SOURCE FILE Test C_SUPPORTS_FNO_FUNCTION_SECTIONS succeded with the following output:
Change Dir: /Simulator/TraceGeneration/llvm-contech/CMakeFiles/CMakeTmp

Run Build Command:"/usr/bin/make" "cmTC_58b60/fast"
/usr/bin/make -f CMakeFiles/cmTC_58b60.dir/build.make CMakeFiles/cmTC_58b60.dir/build
make[1]: Entering directory `/Simulator/TraceGeneration/llvm-contech/CMakeFiles/CMakeTmp'
Building C object CMakeFiles/cmTC_58b60.dir/src.c.o
/usr/bin/cc    -fPIC -DC_SUPPORTS_FNO_FUNCTION_SECTIONS   -Werror -fno-function-sections -o CMakeFiles/cmTC_58b60.dir/src.c.o   -c /Simulator/TraceGeneration/llvm-contech/CMakeFiles/CMakeTmp/src.c
Linking C executable cmTC_58b60
/usr/local/bin/cmake -E cmake_link_script CMakeFiles/cmTC_58b60.dir/link.txt --verbose=1
/usr/bin/cc   -fPIC -DC_SUPPORTS_FNO_FUNCTION_SECTIONS    CMakeFiles/cmTC_58b60.dir/src.c.o  -o cmTC_58b60 -rdynamic 
make[1]: Leaving directory `/Simulator/TraceGeneration/llvm-contech/CMakeFiles/CMakeTmp'

Source file was:
int main(void) { return 0; }
Performing C SOURCE FILE Test C_SUPPORTS_FFUNCTION_SECTIONS succeded with the following output:
Change Dir: /Simulator/TraceGeneration/llvm-contech/CMakeFiles/CMakeTmp

Run Build Command:"/usr/bin/make" "cmTC_532db/fast"
/usr/bin/make -f CMakeFiles/cmTC_532db.dir/build.make CMakeFiles/cmTC_532db.dir/build
make[1]: Entering directory `/Simulator/TraceGeneration/llvm-contech/CMakeFiles/CMakeTmp'
Building C object CMakeFiles/cmTC_532db.dir/src.c.o
/usr/bin/cc    -fPIC -DC_SUPPORTS_FFUNCTION_SECTIONS   -Werror -ffunction-sections -o CMakeFiles/cmTC_532db.dir/src.c.o   -c /Simulator/TraceGeneration/llvm-contech/CMakeFiles/CMakeTmp/src.c
Linking C executable cmTC_532db
/usr/local/bin/cmake -E cmake_link_script CMakeFiles/cmTC_532db.dir/link.txt --verbose=1
/usr/bin/cc   -fPIC -DC_SUPPORTS_FFUNCTION_SECTIONS    CMakeFiles/cmTC_532db.dir/src.c.o  -o cmTC_532db -rdynamic 
make[1]: Leaving directory `/Simulator/TraceGeneration/llvm-contech/CMakeFiles/CMakeTmp'

Source file was:
int main(void) { return 0; }
Performing C++ SOURCE FILE Test CXX_SUPPORTS_FFUNCTION_SECTIONS succeded with the following output:
Change Dir: /Simulator/TraceGeneration/llvm-contech/CMakeFiles/CMakeTmp

Run Build Command:"/usr/bin/make" "cmTC_55f2e/fast"
/usr/bin/make -f CMakeFiles/cmTC_55f2e.dir/build.make CMakeFiles/cmTC_55f2e.dir/build
make[1]: Entering directory `/Simulator/TraceGeneration/llvm-contech/CMakeFiles/CMakeTmp'
Building CXX object CMakeFiles/cmTC_55f2e.dir/src.cxx.o
/usr/bin/c++     -std=c++11 -fPIC -fvisibility-inlines-hidden -std=c++11 -DCXX_SUPPORTS_FFUNCTION_SECTIONS   -Werror -ffunction-sections -o CMakeFiles/cmTC_55f2e.dir/src.cxx.o -c /Simulator/TraceGeneration/llvm-contech/CMakeFiles/CMakeTmp/src.cxx
Linking CXX executable cmTC_55f2e
/usr/local/bin/cmake -E cmake_link_script CMakeFiles/cmTC_55f2e.dir/link.txt --verbose=1
/usr/bin/c++    -std=c++11 -fPIC -fvisibility-inlines-hidden -std=c++11 -DCXX_SUPPORTS_FFUNCTION_SECTIONS    CMakeFiles/cmTC_55f2e.dir/src.cxx.o  -o cmTC_55f2e -rdynamic 
make[1]: Leaving directory `/Simulator/TraceGeneration/llvm-contech/CMakeFiles/CMakeTmp'

Source file was:
int main() { return 0; }
Performing C SOURCE FILE Test C_SUPPORTS_FDATA_SECTIONS succeded with the following output:
Change Dir: /Simulator/TraceGeneration/llvm-contech/CMakeFiles/CMakeTmp

Run Build Command:"/usr/bin/make" "cmTC_6c78b/fast"
/usr/bin/make -f CMakeFiles/cmTC_6c78b.dir/build.make CMakeFiles/cmTC_6c78b.dir/build
make[1]: Entering directory `/Simulator/TraceGeneration/llvm-contech/CMakeFiles/CMakeTmp'
Building C object CMakeFiles/cmTC_6c78b.dir/src.c.o
/usr/bin/cc    -fPIC -ffunction-sections -DC_SUPPORTS_FDATA_SECTIONS   -Werror -fdata-sections -o CMakeFiles/cmTC_6c78b.dir/src.c.o   -c /Simulator/TraceGeneration/llvm-contech/CMakeFiles/CMakeTmp/src.c
Linking C executable cmTC_6c78b
/usr/local/bin/cmake -E cmake_link_script CMakeFiles/cmTC_6c78b.dir/link.txt --verbose=1
/usr/bin/cc   -fPIC -ffunction-sections -DC_SUPPORTS_FDATA_SECTIONS    CMakeFiles/cmTC_6c78b.dir/src.c.o  -o cmTC_6c78b -rdynamic 
make[1]: Leaving directory `/Simulator/TraceGeneration/llvm-contech/CMakeFiles/CMakeTmp'

Source file was:
int main(void) { return 0; }
Performing C++ SOURCE FILE Test CXX_SUPPORTS_FDATA_SECTIONS succeded with the following output:
Change Dir: /Simulator/TraceGeneration/llvm-contech/CMakeFiles/CMakeTmp

Run Build Command:"/usr/bin/make" "cmTC_84b7a/fast"
/usr/bin/make -f CMakeFiles/cmTC_84b7a.dir/build.make CMakeFiles/cmTC_84b7a.dir/build
make[1]: Entering directory `/Simulator/TraceGeneration/llvm-contech/CMakeFiles/CMakeTmp'
Building CXX object CMakeFiles/cmTC_84b7a.dir/src.cxx.o
/usr/bin/c++     -std=c++11 -fPIC -fvisibility-inlines-hidden -std=c++11 -ffunction-sections -DCXX_SUPPORTS_FDATA_SECTIONS   -Werror -fdata-sections -o CMakeFiles/cmTC_84b7a.dir/src.cxx.o -c /Simulator/TraceGeneration/llvm-contech/CMakeFiles/CMakeTmp/src.cxx
Linking CXX executable cmTC_84b7a
/usr/local/bin/cmake -E cmake_link_script CMakeFiles/cmTC_84b7a.dir/link.txt --verbose=1
/usr/bin/c++    -std=c++11 -fPIC -fvisibility-inlines-hidden -std=c++11 -ffunction-sections -DCXX_SUPPORTS_FDATA_SECTIONS    CMakeFiles/cmTC_84b7a.dir/src.cxx.o  -o cmTC_84b7a -rdynamic 
make[1]: Leaving directory `/Simulator/TraceGeneration/llvm-contech/CMakeFiles/CMakeTmp'

Source file was:
int main() { return 0; }
Performing C SOURCE FILE Test C_SUPPORTS_FPIC succeded with the following output:
Change Dir: /Simulator/TraceGeneration/llvm-contech/CMakeFiles/CMakeTmp

Run Build Command:"/usr/bin/make" "cmTC_1207a/fast"
/usr/bin/make -f CMakeFiles/cmTC_1207a.dir/build.make CMakeFiles/cmTC_1207a.dir/build
make[1]: Entering directory `/Simulator/TraceGeneration/llvm-contech/CMakeFiles/CMakeTmp'
Building C object CMakeFiles/cmTC_1207a.dir/src.c.o
/usr/bin/cc    -DC_SUPPORTS_FPIC   -Werror -fPIC -o CMakeFiles/cmTC_1207a.dir/src.c.o   -c /Simulator/TraceGeneration/llvm-contech/CMakeFiles/CMakeTmp/src.c
Linking C executable cmTC_1207a
/usr/local/bin/cmake -E cmake_link_script CMakeFiles/cmTC_1207a.dir/link.txt --verbose=1
/usr/bin/cc   -DC_SUPPORTS_FPIC    CMakeFiles/cmTC_1207a.dir/src.c.o  -o cmTC_1207a -rdynamic 
make[1]: Leaving directory `/Simulator/TraceGeneration/llvm-contech/CMakeFiles/CMakeTmp'

Source file was:
int main(void) { return 0; }
Performing C++ SOURCE FILE Test CXX_SUPPORTS_FPIC succeded with the following output:
Change Dir: /Simulator/TraceGeneration/llvm-contech/CMakeFiles/CMakeTmp

Run Build Command:"/usr/bin/make" "cmTC_de04a/fast"
/usr/bin/make -f CMakeFiles/cmTC_de04a.dir/build.make CMakeFiles/cmTC_de04a.dir/build
make[1]: Entering directory `/Simulator/TraceGeneration/llvm-contech/CMakeFiles/CMakeTmp'
Building CXX object CMakeFiles/cmTC_de04a.dir/src.cxx.o
/usr/bin/c++     -std=c++11 -DCXX_SUPPORTS_FPIC   -Werror -fPIC -o CMakeFiles/cmTC_de04a.dir/src.cxx.o -c /Simulator/TraceGeneration/llvm-contech/CMakeFiles/CMakeTmp/src.cxx
Linking CXX executable cmTC_de04a
/usr/local/bin/cmake -E cmake_link_script CMakeFiles/cmTC_de04a.dir/link.txt --verbose=1
/usr/bin/c++    -std=c++11 -DCXX_SUPPORTS_FPIC    CMakeFiles/cmTC_de04a.dir/src.cxx.o  -o cmTC_de04a -rdynamic 
make[1]: Leaving directory `/Simulator/TraceGeneration/llvm-contech/CMakeFiles/CMakeTmp'

Source file was:
int main() { return 0; }
Performing C++ SOURCE FILE Test SUPPORTS_FVISIBILITY_INLINES_HIDDEN_FLAG succeded with the following output:
Change Dir: /Simulator/TraceGeneration/llvm-contech/CMakeFiles/CMakeTmp

Run Build Command:"/usr/bin/make" "cmTC_fc02a/fast"
/usr/bin/make -f CMakeFiles/cmTC_fc02a.dir/build.make CMakeFiles/cmTC_fc02a.dir/build
make[1]: Entering directory `/Simulator/TraceGeneration/llvm-contech/CMakeFiles/CMakeTmp'
Building CXX object CMakeFiles/cmTC_fc02a.dir/src.cxx.o
/usr/bin/c++     -std=c++11 -fPIC -DSUPPORTS_FVISIBILITY_INLINES_HIDDEN_FLAG   -fvisibility-inlines-hidden -o CMakeFiles/cmTC_fc02a.dir/src.cxx.o -c /Simulator/TraceGeneration/llvm-contech/CMakeFiles/CMakeTmp/src.cxx
Linking CXX executable cmTC_fc02a
/usr/local/bin/cmake -E cmake_link_script CMakeFiles/cmTC_fc02a.dir/link.txt --verbose=1
/usr/bin/c++    -std=c++11 -fPIC -DSUPPORTS_FVISIBILITY_INLINES_HIDDEN_FLAG    CMakeFiles/cmTC_fc02a.dir/src.cxx.o  -o cmTC_fc02a -rdynamic 
make[1]: Leaving directory `/Simulator/TraceGeneration/llvm-contech/CMakeFiles/CMakeTmp'

Source file was:
int main() { return 0; }
Performing C++ SOURCE FILE Test CXX_SUPPORTS_CXX11 succeded with the following output:
Change Dir: /Simulator/TraceGeneration/llvm-contech/CMakeFiles/CMakeTmp

Run Build Command:"/usr/bin/make" "cmTC_d0ef3/fast"
/usr/bin/make -f CMakeFiles/cmTC_d0ef3.dir/build.make CMakeFiles/cmTC_d0ef3.dir/build
make[1]: Entering directory `/Simulator/TraceGeneration/llvm-contech/CMakeFiles/CMakeTmp'
Building CXX object CMakeFiles/cmTC_d0ef3.dir/src.cxx.o
/usr/bin/c++     -std=c++11 -fPIC -fvisibility-inlines-hidden -DCXX_SUPPORTS_CXX11   -std=c++11 -o CMakeFiles/cmTC_d0ef3.dir/src.cxx.o -c /Simulator/TraceGeneration/llvm-contech/CMakeFiles/CMakeTmp/src.cxx
Linking CXX executable cmTC_d0ef3
/usr/local/bin/cmake -E cmake_link_script CMakeFiles/cmTC_d0ef3.dir/link.txt --verbose=1
/usr/bin/c++    -std=c++11 -fPIC -fvisibility-inlines-hidden -DCXX_SUPPORTS_CXX11    CMakeFiles/cmTC_d0ef3.dir/src.cxx.o  -o cmTC_d0ef3 -rdynamic 
make[1]: Leaving directory `/Simulator/TraceGeneration/llvm-contech/CMakeFiles/CMakeTmp'

Source file was:
int main() { return 0; }
Performing C SOURCE FILE Test C_SUPPORTS_FNO_FUNCTION_SECTIONS succeded with the following output:
Change Dir: /Simulator/TraceGeneration/llvm-contech/CMakeFiles/CMakeTmp

Run Build Command:"/usr/bin/make" "cmTC_3e279/fast"
/usr/bin/make -f CMakeFiles/cmTC_3e279.dir/build.make CMakeFiles/cmTC_3e279.dir/build
make[1]: Entering directory `/Simulator/TraceGeneration/llvm-contech/CMakeFiles/CMakeTmp'
Building C object CMakeFiles/cmTC_3e279.dir/src.c.o
/usr/bin/cc    -fPIC -DC_SUPPORTS_FNO_FUNCTION_SECTIONS   -Werror -fno-function-sections -o CMakeFiles/cmTC_3e279.dir/src.c.o   -c /Simulator/TraceGeneration/llvm-contech/CMakeFiles/CMakeTmp/src.c
Linking C executable cmTC_3e279
/usr/local/bin/cmake -E cmake_link_script CMakeFiles/cmTC_3e279.dir/link.txt --verbose=1
/usr/bin/cc   -fPIC -DC_SUPPORTS_FNO_FUNCTION_SECTIONS    CMakeFiles/cmTC_3e279.dir/src.c.o  -o cmTC_3e279 -rdynamic 
make[1]: Leaving directory `/Simulator/TraceGeneration/llvm-contech/CMakeFiles/CMakeTmp'

Source file was:
int main(void) { return 0; }
Performing C SOURCE FILE Test C_SUPPORTS_FFUNCTION_SECTIONS succeded with the following output:
Change Dir: /Simulator/TraceGeneration/llvm-contech/CMakeFiles/CMakeTmp

Run Build Command:"/usr/bin/make" "cmTC_15f57/fast"
/usr/bin/make -f CMakeFiles/cmTC_15f57.dir/build.make CMakeFiles/cmTC_15f57.dir/build
make[1]: Entering directory `/Simulator/TraceGeneration/llvm-contech/CMakeFiles/CMakeTmp'
Building C object CMakeFiles/cmTC_15f57.dir/src.c.o
/usr/bin/cc    -fPIC -DC_SUPPORTS_FFUNCTION_SECTIONS   -Werror -ffunction-sections -o CMakeFiles/cmTC_15f57.dir/src.c.o   -c /Simulator/TraceGeneration/llvm-contech/CMakeFiles/CMakeTmp/src.c
Linking C executable cmTC_15f57
/usr/local/bin/cmake -E cmake_link_script CMakeFiles/cmTC_15f57.dir/link.txt --verbose=1
/usr/bin/cc   -fPIC -DC_SUPPORTS_FFUNCTION_SECTIONS    CMakeFiles/cmTC_15f57.dir/src.c.o  -o cmTC_15f57 -rdynamic 
make[1]: Leaving directory `/Simulator/TraceGeneration/llvm-contech/CMakeFiles/CMakeTmp'

Source file was:
int main(void) { return 0; }
Performing C++ SOURCE FILE Test CXX_SUPPORTS_FFUNCTION_SECTIONS succeded with the following output:
Change Dir: /Simulator/TraceGeneration/llvm-contech/CMakeFiles/CMakeTmp

Run Build Command:"/usr/bin/make" "cmTC_2ec69/fast"
/usr/bin/make -f CMakeFiles/cmTC_2ec69.dir/build.make CMakeFiles/cmTC_2ec69.dir/build
make[1]: Entering directory `/Simulator/TraceGeneration/llvm-contech/CMakeFiles/CMakeTmp'
Building CXX object CMakeFiles/cmTC_2ec69.dir/src.cxx.o
/usr/bin/c++     -std=c++11 -fPIC -fvisibility-inlines-hidden -std=c++11 -DCXX_SUPPORTS_FFUNCTION_SECTIONS   -Werror -ffunction-sections -o CMakeFiles/cmTC_2ec69.dir/src.cxx.o -c /Simulator/TraceGeneration/llvm-contech/CMakeFiles/CMakeTmp/src.cxx
Linking CXX executable cmTC_2ec69
/usr/local/bin/cmake -E cmake_link_script CMakeFiles/cmTC_2ec69.dir/link.txt --verbose=1
/usr/bin/c++    -std=c++11 -fPIC -fvisibility-inlines-hidden -std=c++11 -DCXX_SUPPORTS_FFUNCTION_SECTIONS    CMakeFiles/cmTC_2ec69.dir/src.cxx.o  -o cmTC_2ec69 -rdynamic 
make[1]: Leaving directory `/Simulator/TraceGeneration/llvm-contech/CMakeFiles/CMakeTmp'

Source file was:
int main() { return 0; }
Performing C SOURCE FILE Test C_SUPPORTS_FDATA_SECTIONS succeded with the following output:
Change Dir: /Simulator/TraceGeneration/llvm-contech/CMakeFiles/CMakeTmp

Run Build Command:"/usr/bin/make" "cmTC_38007/fast"
/usr/bin/make -f CMakeFiles/cmTC_38007.dir/build.make CMakeFiles/cmTC_38007.dir/build
make[1]: Entering directory `/Simulator/TraceGeneration/llvm-contech/CMakeFiles/CMakeTmp'
Building C object CMakeFiles/cmTC_38007.dir/src.c.o
/usr/bin/cc    -fPIC -ffunction-sections -DC_SUPPORTS_FDATA_SECTIONS   -Werror -fdata-sections -o CMakeFiles/cmTC_38007.dir/src.c.o   -c /Simulator/TraceGeneration/llvm-contech/CMakeFiles/CMakeTmp/src.c
Linking C executable cmTC_38007
/usr/local/bin/cmake -E cmake_link_script CMakeFiles/cmTC_38007.dir/link.txt --verbose=1
/usr/bin/cc   -fPIC -ffunction-sections -DC_SUPPORTS_FDATA_SECTIONS    CMakeFiles/cmTC_38007.dir/src.c.o  -o cmTC_38007 -rdynamic 
make[1]: Leaving directory `/Simulator/TraceGeneration/llvm-contech/CMakeFiles/CMakeTmp'

Source file was:
int main(void) { return 0; }
Performing C++ SOURCE FILE Test CXX_SUPPORTS_FDATA_SECTIONS succeded with the following output:
Change Dir: /Simulator/TraceGeneration/llvm-contech/CMakeFiles/CMakeTmp

Run Build Command:"/usr/bin/make" "cmTC_a65fb/fast"
/usr/bin/make -f CMakeFiles/cmTC_a65fb.dir/build.make CMakeFiles/cmTC_a65fb.dir/build
make[1]: Entering directory `/Simulator/TraceGeneration/llvm-contech/CMakeFiles/CMakeTmp'
Building CXX object CMakeFiles/cmTC_a65fb.dir/src.cxx.o
/usr/bin/c++     -std=c++11 -fPIC -fvisibility-inlines-hidden -std=c++11 -ffunction-sections -DCXX_SUPPORTS_FDATA_SECTIONS   -Werror -fdata-sections -o CMakeFiles/cmTC_a65fb.dir/src.cxx.o -c /Simulator/TraceGeneration/llvm-contech/CMakeFiles/CMakeTmp/src.cxx
Linking CXX executable cmTC_a65fb
/usr/local/bin/cmake -E cmake_link_script CMakeFiles/cmTC_a65fb.dir/link.txt --verbose=1
/usr/bin/c++    -std=c++11 -fPIC -fvisibility-inlines-hidden -std=c++11 -ffunction-sections -DCXX_SUPPORTS_FDATA_SECTIONS    CMakeFiles/cmTC_a65fb.dir/src.cxx.o  -o cmTC_a65fb -rdynamic 
make[1]: Leaving directory `/Simulator/TraceGeneration/llvm-contech/CMakeFiles/CMakeTmp'

Source file was:
int main() { return 0; }
